<?xml version="1.0" encoding="UTF-8"?>
<testsuite name="com.example.flowerplatform.unitTest.CustomAuthorizedClientServiceTest" tests="2" skipped="0" failures="0" errors="0" timestamp="2023-03-18T04:52:51" hostname="jeongsang-won-ui-MacBookAir.local" time="0.032">
  <properties/>
  <testcase name="testSaveOauth2Client()" classname="com.example.flowerplatform.unitTest.CustomAuthorizedClientServiceTest" time="0.028"/>
  <testcase name="testDuplicateItem()" classname="com.example.flowerplatform.unitTest.CustomAuthorizedClientServiceTest" time="0.004"/>
  <system-out><![CDATA[2023-03-18T13:52:51.758+09:00 DEBUG 85348 --- [    Test worker] .b.t.c.SpringBootTestContextBootstrapper : Neither @ContextConfiguration nor @ContextHierarchy found for test class [CustomAuthorizedClientServiceTest]: using SpringBootContextLoader
2023-03-18T13:52:51.758+09:00 DEBUG 85348 --- [    Test worker] o.s.t.c.support.AbstractContextLoader    : Could not detect default resource locations for test class [com.example.flowerplatform.unitTest.CustomAuthorizedClientServiceTest]: no resource found for suffixes {-context.xml, Context.groovy}.
2023-03-18T13:52:51.758+09:00  INFO 85348 --- [    Test worker] t.c.s.AnnotationConfigContextLoaderUtils : Could not detect default configuration classes for test class [com.example.flowerplatform.unitTest.CustomAuthorizedClientServiceTest]: CustomAuthorizedClientServiceTest does not declare any static, non-private, non-final, nested classes annotated with @Configuration.
2023-03-18T13:52:51.758+09:00 DEBUG 85348 --- [    Test worker] .b.t.c.SpringBootTestContextBootstrapper : Using ContextCustomizers for test class [CustomAuthorizedClientServiceTest]: [DisableObservabilityContextCustomizer, PropertyMappingContextCustomizer, Customizer, ExcludeFilterContextCustomizer, DuplicateJsonObjectContextCustomizer, MockitoContextCustomizer, TestRestTemplateContextCustomizer]
2023-03-18T13:52:51.759+09:00  INFO 85348 --- [    Test worker] .b.t.c.SpringBootTestContextBootstrapper : Found @SpringBootConfiguration com.example.flowerplatform.FlowerPlatformApplication for test class com.example.flowerplatform.unitTest.CustomAuthorizedClientServiceTest
2023-03-18T13:52:51.759+09:00 DEBUG 85348 --- [    Test worker] .b.t.c.SpringBootTestContextBootstrapper : Using TestExecutionListeners for test class [CustomAuthorizedClientServiceTest]: [ServletTestExecutionListener, DirtiesContextBeforeModesTestExecutionListener, ApplicationEventsTestExecutionListener, MockitoTestExecutionListener, DependencyInjectionTestExecutionListener, DirtiesContextTestExecutionListener, TransactionalTestExecutionListener, SqlScriptsTestExecutionListener, WithSecurityContextTestExecutionListener, EventPublishingTestExecutionListener, ReactorContextTestExecutionListener, RestDocsTestExecutionListener, MockRestServiceServerResetTestExecutionListener, MockMvcPrintOnlyOnFailureTestExecutionListener, WebDriverTestExecutionListener, MockWebServiceServerTestExecutionListener, ResetMocksTestExecutionListener]
2023-03-18T13:52:51.759+09:00 DEBUG 85348 --- [    Test worker] tractDirtiesContextTestExecutionListener : Before test class: class [CustomAuthorizedClientServiceTest], class annotated with @DirtiesContext [false] with mode [null]
2023-03-18T13:52:51.759+09:00 DEBUG 85348 --- [    Test worker] org.springframework.test.context.cache   : Spring test ApplicationContext cache statistics: [DefaultContextCache@5623fd90 size = 4, maxSize = 32, parentContextCount = 0, hitCount = 252, missCount = 4]
2023-03-18T13:52:51.759+09:00 DEBUG 85348 --- [    Test worker] org.springframework.test.context.cache   : Spring test ApplicationContext cache statistics: [DefaultContextCache@5623fd90 size = 4, maxSize = 32, parentContextCount = 0, hitCount = 253, missCount = 4]
2023-03-18T13:52:51.759+09:00 DEBUG 85348 --- [    Test worker] o.s.t.c.w.ServletTestExecutionListener   : Setting up MockHttpServletRequest, MockHttpServletResponse, ServletWebRequest, and RequestContextHolder for test class com.example.flowerplatform.unitTest.CustomAuthorizedClientServiceTest
2023-03-18T13:52:51.760+09:00 DEBUG 85348 --- [    Test worker] DependencyInjectionTestExecutionListener : Performing dependency injection for test class com.example.flowerplatform.unitTest.CustomAuthorizedClientServiceTest
2023-03-18T13:52:51.760+09:00 DEBUG 85348 --- [    Test worker] org.springframework.test.context.cache   : Spring test ApplicationContext cache statistics: [DefaultContextCache@5623fd90 size = 4, maxSize = 32, parentContextCount = 0, hitCount = 254, missCount = 4]
2023-03-18T13:52:51.760+09:00 DEBUG 85348 --- [    Test worker] org.springframework.test.context.cache   : Spring test ApplicationContext cache statistics: [DefaultContextCache@5623fd90 size = 4, maxSize = 32, parentContextCount = 0, hitCount = 255, missCount = 4]
2023-03-18T13:52:51.760+09:00 DEBUG 85348 --- [    Test worker] tractDirtiesContextTestExecutionListener : Before test method: class [CustomAuthorizedClientServiceTest], method [testSaveOauth2Client], class annotated with @DirtiesContext [false] with mode [null], method annotated with @DirtiesContext [false] with mode [null]
2023-03-18T13:52:51.760+09:00 DEBUG 85348 --- [    Test worker] org.springframework.test.context.cache   : Spring test ApplicationContext cache statistics: [DefaultContextCache@5623fd90 size = 4, maxSize = 32, parentContextCount = 0, hitCount = 256, missCount = 4]
2023-03-18T13:52:51.760+09:00 DEBUG 85348 --- [    Test worker] org.springframework.test.context.cache   : Spring test ApplicationContext cache statistics: [DefaultContextCache@5623fd90 size = 4, maxSize = 32, parentContextCount = 0, hitCount = 257, missCount = 4]
2023-03-18T13:52:51.784+09:00 DEBUG 85348 --- [    Test worker] org.springframework.test.context.cache   : Spring test ApplicationContext cache statistics: [DefaultContextCache@5623fd90 size = 4, maxSize = 32, parentContextCount = 0, hitCount = 258, missCount = 4]
2023-03-18T13:52:51.785+09:00 DEBUG 85348 --- [    Test worker] c.e.f.s.o.CustomAuthorizedClientService  : saveAuthorizedClient called!
2023-03-18T13:52:51.786+09:00 DEBUG 85348 --- [    Test worker] c.e.f.s.o.CustomAuthorizedClientService  : Authentication: Mock for Authentication, hashCode: 164828158
2023-03-18T13:52:51.786+09:00 DEBUG 85348 --- [    Test worker] c.e.f.s.o.CustomAuthorizedClientService  : principalName: 10029901990231
2023-03-18T13:52:51.786+09:00 DEBUG 85348 --- [    Test worker] c.e.f.s.o.CustomAuthorizedClientService  : principal.getName(): null
2023-03-18T13:52:51.786+09:00 DEBUG 85348 --- [    Test worker] c.e.f.s.o.CustomAuthorizedClientService  : principal.getCredentials()null
2023-03-18T13:52:51.786+09:00 DEBUG 85348 --- [    Test worker] c.e.f.s.o.CustomAuthorizedClientService  : principal.getDetails()null
2023-03-18T13:52:51.786+09:00 DEBUG 85348 --- [    Test worker] c.e.f.s.o.CustomAuthorizedClientService  : authorizedClient.getClientRegistration: Mock for ClientRegistration, hashCode: 1891047080
2023-03-18T13:52:51.786+09:00 DEBUG 85348 --- [    Test worker] org.springframework.test.context.cache   : Spring test ApplicationContext cache statistics: [DefaultContextCache@5623fd90 size = 4, maxSize = 32, parentContextCount = 0, hitCount = 259, missCount = 4]
2023-03-18T13:52:51.786+09:00 DEBUG 85348 --- [    Test worker] org.springframework.test.context.cache   : Spring test ApplicationContext cache statistics: [DefaultContextCache@5623fd90 size = 4, maxSize = 32, parentContextCount = 0, hitCount = 260, missCount = 4]
2023-03-18T13:52:51.787+09:00 DEBUG 85348 --- [    Test worker] org.springframework.test.context.cache   : Spring test ApplicationContext cache statistics: [DefaultContextCache@5623fd90 size = 4, maxSize = 32, parentContextCount = 0, hitCount = 261, missCount = 4]
2023-03-18T13:52:51.787+09:00 DEBUG 85348 --- [    Test worker] org.springframework.test.context.cache   : Spring test ApplicationContext cache statistics: [DefaultContextCache@5623fd90 size = 4, maxSize = 32, parentContextCount = 0, hitCount = 262, missCount = 4]
2023-03-18T13:52:51.787+09:00 DEBUG 85348 --- [    Test worker] org.springframework.test.context.cache   : Spring test ApplicationContext cache statistics: [DefaultContextCache@5623fd90 size = 4, maxSize = 32, parentContextCount = 0, hitCount = 263, missCount = 4]
2023-03-18T13:52:51.787+09:00 DEBUG 85348 --- [    Test worker] org.springframework.test.context.cache   : Spring test ApplicationContext cache statistics: [DefaultContextCache@5623fd90 size = 4, maxSize = 32, parentContextCount = 0, hitCount = 264, missCount = 4]
2023-03-18T13:52:51.787+09:00 DEBUG 85348 --- [    Test worker] org.springframework.test.context.cache   : Spring test ApplicationContext cache statistics: [DefaultContextCache@5623fd90 size = 4, maxSize = 32, parentContextCount = 0, hitCount = 265, missCount = 4]
2023-03-18T13:52:51.787+09:00 DEBUG 85348 --- [    Test worker] tractDirtiesContextTestExecutionListener : After test method: class [CustomAuthorizedClientServiceTest], method [testSaveOauth2Client], class annotated with @DirtiesContext [false] with mode [null], method annotated with @DirtiesContext [false] with mode [null]
2023-03-18T13:52:51.787+09:00 DEBUG 85348 --- [    Test worker] o.s.t.c.w.ServletTestExecutionListener   : Resetting RequestContextHolder for test class com.example.flowerplatform.unitTest.CustomAuthorizedClientServiceTest
2023-03-18T13:52:51.788+09:00 DEBUG 85348 --- [    Test worker] org.springframework.test.context.cache   : Spring test ApplicationContext cache statistics: [DefaultContextCache@5623fd90 size = 4, maxSize = 32, parentContextCount = 0, hitCount = 266, missCount = 4]
2023-03-18T13:52:51.788+09:00 DEBUG 85348 --- [    Test worker] o.s.t.c.w.ServletTestExecutionListener   : Setting up MockHttpServletRequest, MockHttpServletResponse, ServletWebRequest, and RequestContextHolder for test class com.example.flowerplatform.unitTest.CustomAuthorizedClientServiceTest
2023-03-18T13:52:51.788+09:00 DEBUG 85348 --- [    Test worker] DependencyInjectionTestExecutionListener : Performing dependency injection for test class com.example.flowerplatform.unitTest.CustomAuthorizedClientServiceTest
2023-03-18T13:52:51.788+09:00 DEBUG 85348 --- [    Test worker] org.springframework.test.context.cache   : Spring test ApplicationContext cache statistics: [DefaultContextCache@5623fd90 size = 4, maxSize = 32, parentContextCount = 0, hitCount = 267, missCount = 4]
2023-03-18T13:52:51.788+09:00 DEBUG 85348 --- [    Test worker] org.springframework.test.context.cache   : Spring test ApplicationContext cache statistics: [DefaultContextCache@5623fd90 size = 4, maxSize = 32, parentContextCount = 0, hitCount = 268, missCount = 4]
2023-03-18T13:52:51.788+09:00 DEBUG 85348 --- [    Test worker] tractDirtiesContextTestExecutionListener : Before test method: class [CustomAuthorizedClientServiceTest], method [testDuplicateItem], class annotated with @DirtiesContext [false] with mode [null], method annotated with @DirtiesContext [false] with mode [null]
2023-03-18T13:52:51.788+09:00 DEBUG 85348 --- [    Test worker] org.springframework.test.context.cache   : Spring test ApplicationContext cache statistics: [DefaultContextCache@5623fd90 size = 4, maxSize = 32, parentContextCount = 0, hitCount = 269, missCount = 4]
2023-03-18T13:52:51.788+09:00 DEBUG 85348 --- [    Test worker] org.springframework.test.context.cache   : Spring test ApplicationContext cache statistics: [DefaultContextCache@5623fd90 size = 4, maxSize = 32, parentContextCount = 0, hitCount = 270, missCount = 4]
2023-03-18T13:52:51.789+09:00 DEBUG 85348 --- [    Test worker] org.springframework.test.context.cache   : Spring test ApplicationContext cache statistics: [DefaultContextCache@5623fd90 size = 4, maxSize = 32, parentContextCount = 0, hitCount = 271, missCount = 4]
2023-03-18T13:52:51.790+09:00 DEBUG 85348 --- [    Test worker] c.e.f.s.o.CustomAuthorizedClientService  : saveAuthorizedClient called!
2023-03-18T13:52:51.790+09:00 DEBUG 85348 --- [    Test worker] c.e.f.s.o.CustomAuthorizedClientService  : Authentication: Mock for Authentication, hashCode: 1070020292
2023-03-18T13:52:51.790+09:00 DEBUG 85348 --- [    Test worker] c.e.f.s.o.CustomAuthorizedClientService  : principalName: 1002990141233123
2023-03-18T13:52:51.790+09:00 DEBUG 85348 --- [    Test worker] c.e.f.s.o.CustomAuthorizedClientService  : principal.getName(): null
2023-03-18T13:52:51.790+09:00 DEBUG 85348 --- [    Test worker] c.e.f.s.o.CustomAuthorizedClientService  : principal.getCredentials()null
2023-03-18T13:52:51.790+09:00 DEBUG 85348 --- [    Test worker] c.e.f.s.o.CustomAuthorizedClientService  : principal.getDetails()null
2023-03-18T13:52:51.790+09:00 DEBUG 85348 --- [    Test worker] c.e.f.s.o.CustomAuthorizedClientService  : authorizedClient.getClientRegistration: Mock for ClientRegistration, hashCode: 1997366722
2023-03-18T13:52:51.790+09:00 DEBUG 85348 --- [    Test worker] c.e.f.s.o.CustomAuthorizedClientService  : Duplicate User!
2023-03-18T13:52:51.790+09:00 DEBUG 85348 --- [    Test worker] org.springframework.test.context.cache   : Spring test ApplicationContext cache statistics: [DefaultContextCache@5623fd90 size = 4, maxSize = 32, parentContextCount = 0, hitCount = 272, missCount = 4]
2023-03-18T13:52:51.790+09:00 DEBUG 85348 --- [    Test worker] org.springframework.test.context.cache   : Spring test ApplicationContext cache statistics: [DefaultContextCache@5623fd90 size = 4, maxSize = 32, parentContextCount = 0, hitCount = 273, missCount = 4]
2023-03-18T13:52:51.791+09:00 DEBUG 85348 --- [    Test worker] org.springframework.test.context.cache   : Spring test ApplicationContext cache statistics: [DefaultContextCache@5623fd90 size = 4, maxSize = 32, parentContextCount = 0, hitCount = 274, missCount = 4]
2023-03-18T13:52:51.791+09:00 DEBUG 85348 --- [    Test worker] org.springframework.test.context.cache   : Spring test ApplicationContext cache statistics: [DefaultContextCache@5623fd90 size = 4, maxSize = 32, parentContextCount = 0, hitCount = 275, missCount = 4]
2023-03-18T13:52:51.791+09:00 DEBUG 85348 --- [    Test worker] org.springframework.test.context.cache   : Spring test ApplicationContext cache statistics: [DefaultContextCache@5623fd90 size = 4, maxSize = 32, parentContextCount = 0, hitCount = 276, missCount = 4]
2023-03-18T13:52:51.791+09:00 DEBUG 85348 --- [    Test worker] org.springframework.test.context.cache   : Spring test ApplicationContext cache statistics: [DefaultContextCache@5623fd90 size = 4, maxSize = 32, parentContextCount = 0, hitCount = 277, missCount = 4]
2023-03-18T13:52:51.791+09:00 DEBUG 85348 --- [    Test worker] org.springframework.test.context.cache   : Spring test ApplicationContext cache statistics: [DefaultContextCache@5623fd90 size = 4, maxSize = 32, parentContextCount = 0, hitCount = 278, missCount = 4]
2023-03-18T13:52:51.791+09:00 DEBUG 85348 --- [    Test worker] tractDirtiesContextTestExecutionListener : After test method: class [CustomAuthorizedClientServiceTest], method [testDuplicateItem], class annotated with @DirtiesContext [false] with mode [null], method annotated with @DirtiesContext [false] with mode [null]
2023-03-18T13:52:51.791+09:00 DEBUG 85348 --- [    Test worker] o.s.t.c.w.ServletTestExecutionListener   : Resetting RequestContextHolder for test class com.example.flowerplatform.unitTest.CustomAuthorizedClientServiceTest
2023-03-18T13:52:51.791+09:00 DEBUG 85348 --- [    Test worker] org.springframework.test.context.cache   : Spring test ApplicationContext cache statistics: [DefaultContextCache@5623fd90 size = 4, maxSize = 32, parentContextCount = 0, hitCount = 279, missCount = 4]
2023-03-18T13:52:51.791+09:00 DEBUG 85348 --- [    Test worker] tractDirtiesContextTestExecutionListener : After test class: class [CustomAuthorizedClientServiceTest], class annotated with @DirtiesContext [false] with mode [null]
]]></system-out>
  <system-err><![CDATA[]]></system-err>
</testsuite>
