<?xml version="1.0" encoding="UTF-8"?>
<testsuite name="com.example.flowerplatform.unitTest.AppAppUserDetailTest" tests="1" skipped="0" failures="0" errors="0" timestamp="2023-03-18T04:52:51" hostname="jeongsang-won-ui-MacBookAir.local" time="0.007">
  <properties/>
  <testcase name="test AppUserDetails creation and methods" classname="com.example.flowerplatform.unitTest.AppAppUserDetailTest" time="0.007"/>
  <system-out><![CDATA[2023-03-18T13:52:51.147+09:00 DEBUG 85348 --- [    Test worker] .b.t.c.SpringBootTestContextBootstrapper : Neither @ContextConfiguration nor @ContextHierarchy found for test class [AppAppUserDetailTest]: using SpringBootContextLoader
2023-03-18T13:52:51.147+09:00 DEBUG 85348 --- [    Test worker] o.s.t.c.support.AbstractContextLoader    : Could not detect default resource locations for test class [com.example.flowerplatform.unitTest.AppAppUserDetailTest]: no resource found for suffixes {-context.xml, Context.groovy}.
2023-03-18T13:52:51.147+09:00  INFO 85348 --- [    Test worker] t.c.s.AnnotationConfigContextLoaderUtils : Could not detect default configuration classes for test class [com.example.flowerplatform.unitTest.AppAppUserDetailTest]: AppAppUserDetailTest does not declare any static, non-private, non-final, nested classes annotated with @Configuration.
2023-03-18T13:52:51.148+09:00 DEBUG 85348 --- [    Test worker] .b.t.c.SpringBootTestContextBootstrapper : Using ContextCustomizers for test class [AppAppUserDetailTest]: [DisableObservabilityContextCustomizer, PropertyMappingContextCustomizer, Customizer, ExcludeFilterContextCustomizer, DuplicateJsonObjectContextCustomizer, MockitoContextCustomizer, TestRestTemplateContextCustomizer]
2023-03-18T13:52:51.159+09:00 DEBUG 85348 --- [    Test worker] ssPathScanningCandidateComponentProvider : Identified candidate component class: file [/Users/jeongsang-won/Documents/flower-startup/development/spring/build/classes/java/main/com/example/flowerplatform/FlowerPlatformApplication.class]
2023-03-18T13:52:51.159+09:00  INFO 85348 --- [    Test worker] .b.t.c.SpringBootTestContextBootstrapper : Found @SpringBootConfiguration com.example.flowerplatform.FlowerPlatformApplication for test class com.example.flowerplatform.unitTest.AppAppUserDetailTest
2023-03-18T13:52:51.160+09:00 DEBUG 85348 --- [    Test worker] .b.t.c.SpringBootTestContextBootstrapper : Using TestExecutionListeners for test class [AppAppUserDetailTest]: [ServletTestExecutionListener, DirtiesContextBeforeModesTestExecutionListener, ApplicationEventsTestExecutionListener, MockitoTestExecutionListener, DependencyInjectionTestExecutionListener, DirtiesContextTestExecutionListener, TransactionalTestExecutionListener, SqlScriptsTestExecutionListener, WithSecurityContextTestExecutionListener, EventPublishingTestExecutionListener, ReactorContextTestExecutionListener, RestDocsTestExecutionListener, MockRestServiceServerResetTestExecutionListener, MockMvcPrintOnlyOnFailureTestExecutionListener, WebDriverTestExecutionListener, MockWebServiceServerTestExecutionListener, ResetMocksTestExecutionListener]
2023-03-18T13:52:51.160+09:00 DEBUG 85348 --- [    Test worker] tractDirtiesContextTestExecutionListener : Before test class: class [AppAppUserDetailTest], class annotated with @DirtiesContext [false] with mode [null]
2023-03-18T13:52:51.160+09:00 DEBUG 85348 --- [    Test worker] org.springframework.test.context.cache   : Spring test ApplicationContext cache statistics: [DefaultContextCache@5623fd90 size = 2, maxSize = 32, parentContextCount = 0, hitCount = 152, missCount = 2]
2023-03-18T13:52:51.160+09:00 DEBUG 85348 --- [    Test worker] org.springframework.test.context.cache   : Spring test ApplicationContext cache statistics: [DefaultContextCache@5623fd90 size = 2, maxSize = 32, parentContextCount = 0, hitCount = 153, missCount = 2]
2023-03-18T13:52:51.160+09:00 DEBUG 85348 --- [    Test worker] o.s.t.c.w.ServletTestExecutionListener   : Setting up MockHttpServletRequest, MockHttpServletResponse, ServletWebRequest, and RequestContextHolder for test class com.example.flowerplatform.unitTest.AppAppUserDetailTest
2023-03-18T13:52:51.161+09:00 DEBUG 85348 --- [    Test worker] DependencyInjectionTestExecutionListener : Performing dependency injection for test class com.example.flowerplatform.unitTest.AppAppUserDetailTest
2023-03-18T13:52:51.161+09:00 DEBUG 85348 --- [    Test worker] org.springframework.test.context.cache   : Spring test ApplicationContext cache statistics: [DefaultContextCache@5623fd90 size = 2, maxSize = 32, parentContextCount = 0, hitCount = 154, missCount = 2]
2023-03-18T13:52:51.161+09:00 DEBUG 85348 --- [    Test worker] org.springframework.test.context.cache   : Spring test ApplicationContext cache statistics: [DefaultContextCache@5623fd90 size = 2, maxSize = 32, parentContextCount = 0, hitCount = 155, missCount = 2]
2023-03-18T13:52:51.161+09:00 DEBUG 85348 --- [    Test worker] tractDirtiesContextTestExecutionListener : Before test method: class [AppAppUserDetailTest], method [testPasswordEncoderIsNotNull], class annotated with @DirtiesContext [false] with mode [null], method annotated with @DirtiesContext [false] with mode [null]
2023-03-18T13:52:51.161+09:00 DEBUG 85348 --- [    Test worker] org.springframework.test.context.cache   : Spring test ApplicationContext cache statistics: [DefaultContextCache@5623fd90 size = 2, maxSize = 32, parentContextCount = 0, hitCount = 156, missCount = 2]
2023-03-18T13:52:51.161+09:00 DEBUG 85348 --- [    Test worker] org.springframework.test.context.cache   : Spring test ApplicationContext cache statistics: [DefaultContextCache@5623fd90 size = 2, maxSize = 32, parentContextCount = 0, hitCount = 157, missCount = 2]
2023-03-18T13:52:51.162+09:00 DEBUG 85348 --- [    Test worker] org.springframework.test.context.cache   : Spring test ApplicationContext cache statistics: [DefaultContextCache@5623fd90 size = 2, maxSize = 32, parentContextCount = 0, hitCount = 158, missCount = 2]
2023-03-18T13:52:51.167+09:00 DEBUG 85348 --- [    Test worker] org.springframework.test.context.cache   : Spring test ApplicationContext cache statistics: [DefaultContextCache@5623fd90 size = 2, maxSize = 32, parentContextCount = 0, hitCount = 159, missCount = 2]
2023-03-18T13:52:51.167+09:00 DEBUG 85348 --- [    Test worker] org.springframework.test.context.cache   : Spring test ApplicationContext cache statistics: [DefaultContextCache@5623fd90 size = 2, maxSize = 32, parentContextCount = 0, hitCount = 160, missCount = 2]
2023-03-18T13:52:51.167+09:00 DEBUG 85348 --- [    Test worker] org.springframework.test.context.cache   : Spring test ApplicationContext cache statistics: [DefaultContextCache@5623fd90 size = 2, maxSize = 32, parentContextCount = 0, hitCount = 161, missCount = 2]
2023-03-18T13:52:51.167+09:00 DEBUG 85348 --- [    Test worker] org.springframework.test.context.cache   : Spring test ApplicationContext cache statistics: [DefaultContextCache@5623fd90 size = 2, maxSize = 32, parentContextCount = 0, hitCount = 162, missCount = 2]
2023-03-18T13:52:51.167+09:00 DEBUG 85348 --- [    Test worker] org.springframework.test.context.cache   : Spring test ApplicationContext cache statistics: [DefaultContextCache@5623fd90 size = 2, maxSize = 32, parentContextCount = 0, hitCount = 163, missCount = 2]
2023-03-18T13:52:51.168+09:00 DEBUG 85348 --- [    Test worker] org.springframework.test.context.cache   : Spring test ApplicationContext cache statistics: [DefaultContextCache@5623fd90 size = 2, maxSize = 32, parentContextCount = 0, hitCount = 164, missCount = 2]
2023-03-18T13:52:51.168+09:00 DEBUG 85348 --- [    Test worker] org.springframework.test.context.cache   : Spring test ApplicationContext cache statistics: [DefaultContextCache@5623fd90 size = 2, maxSize = 32, parentContextCount = 0, hitCount = 165, missCount = 2]
2023-03-18T13:52:51.168+09:00 DEBUG 85348 --- [    Test worker] tractDirtiesContextTestExecutionListener : After test method: class [AppAppUserDetailTest], method [testPasswordEncoderIsNotNull], class annotated with @DirtiesContext [false] with mode [null], method annotated with @DirtiesContext [false] with mode [null]
2023-03-18T13:52:51.168+09:00 DEBUG 85348 --- [    Test worker] o.s.t.c.w.ServletTestExecutionListener   : Resetting RequestContextHolder for test class com.example.flowerplatform.unitTest.AppAppUserDetailTest
2023-03-18T13:52:51.168+09:00 DEBUG 85348 --- [    Test worker] org.springframework.test.context.cache   : Spring test ApplicationContext cache statistics: [DefaultContextCache@5623fd90 size = 2, maxSize = 32, parentContextCount = 0, hitCount = 166, missCount = 2]
2023-03-18T13:52:51.168+09:00 DEBUG 85348 --- [    Test worker] tractDirtiesContextTestExecutionListener : After test class: class [AppAppUserDetailTest], class annotated with @DirtiesContext [false] with mode [null]
]]></system-out>
  <system-err><![CDATA[]]></system-err>
</testsuite>
