<?xml version="1.0" encoding="UTF-8"?>
<testsuite name="com.example.flowerplatform.unitTest.EmailAuthenticationProviderTest" tests="1" skipped="0" failures="0" errors="0" timestamp="2023-03-18T04:52:51" hostname="jeongsang-won-ui-MacBookAir.local" time="0.05">
  <properties/>
  <testcase name="testEmailAuthenticationProvider()" classname="com.example.flowerplatform.unitTest.EmailAuthenticationProviderTest" time="0.05"/>
  <system-out><![CDATA[2023-03-18T13:52:51.792+09:00 DEBUG 85348 --- [    Test worker] .b.t.c.SpringBootTestContextBootstrapper : Neither @ContextConfiguration nor @ContextHierarchy found for test class [EmailAuthenticationProviderTest]: using SpringBootContextLoader
2023-03-18T13:52:51.793+09:00 DEBUG 85348 --- [    Test worker] o.s.t.c.support.AbstractContextLoader    : Could not detect default resource locations for test class [com.example.flowerplatform.unitTest.EmailAuthenticationProviderTest]: no resource found for suffixes {-context.xml, Context.groovy}.
2023-03-18T13:52:51.793+09:00  INFO 85348 --- [    Test worker] t.c.s.AnnotationConfigContextLoaderUtils : Could not detect default configuration classes for test class [com.example.flowerplatform.unitTest.EmailAuthenticationProviderTest]: EmailAuthenticationProviderTest does not declare any static, non-private, non-final, nested classes annotated with @Configuration.
2023-03-18T13:52:51.793+09:00 DEBUG 85348 --- [    Test worker] .b.t.c.SpringBootTestContextBootstrapper : Using ContextCustomizers for test class [EmailAuthenticationProviderTest]: [DisableObservabilityContextCustomizer, PropertyMappingContextCustomizer, Customizer, ExcludeFilterContextCustomizer, DuplicateJsonObjectContextCustomizer, MockitoContextCustomizer, TestRestTemplateContextCustomizer]
2023-03-18T13:52:51.793+09:00  INFO 85348 --- [    Test worker] .b.t.c.SpringBootTestContextBootstrapper : Found @SpringBootConfiguration com.example.flowerplatform.FlowerPlatformApplication for test class com.example.flowerplatform.unitTest.EmailAuthenticationProviderTest
2023-03-18T13:52:51.794+09:00 DEBUG 85348 --- [    Test worker] .b.t.c.SpringBootTestContextBootstrapper : Using TestExecutionListeners for test class [EmailAuthenticationProviderTest]: [ServletTestExecutionListener, DirtiesContextBeforeModesTestExecutionListener, ApplicationEventsTestExecutionListener, MockitoTestExecutionListener, DependencyInjectionTestExecutionListener, DirtiesContextTestExecutionListener, TransactionalTestExecutionListener, SqlScriptsTestExecutionListener, WithSecurityContextTestExecutionListener, EventPublishingTestExecutionListener, ReactorContextTestExecutionListener, RestDocsTestExecutionListener, MockRestServiceServerResetTestExecutionListener, MockMvcPrintOnlyOnFailureTestExecutionListener, WebDriverTestExecutionListener, MockWebServiceServerTestExecutionListener, ResetMocksTestExecutionListener]
2023-03-18T13:52:51.794+09:00 DEBUG 85348 --- [    Test worker] tractDirtiesContextTestExecutionListener : Before test class: class [EmailAuthenticationProviderTest], class annotated with @DirtiesContext [false] with mode [null]
2023-03-18T13:52:51.794+09:00 DEBUG 85348 --- [    Test worker] org.springframework.test.context.cache   : Spring test ApplicationContext cache statistics: [DefaultContextCache@5623fd90 size = 4, maxSize = 32, parentContextCount = 0, hitCount = 280, missCount = 4]
2023-03-18T13:52:51.794+09:00 DEBUG 85348 --- [    Test worker] org.springframework.test.context.cache   : Spring test ApplicationContext cache statistics: [DefaultContextCache@5623fd90 size = 4, maxSize = 32, parentContextCount = 0, hitCount = 281, missCount = 4]
2023-03-18T13:52:51.794+09:00 DEBUG 85348 --- [    Test worker] o.s.t.c.w.ServletTestExecutionListener   : Setting up MockHttpServletRequest, MockHttpServletResponse, ServletWebRequest, and RequestContextHolder for test class com.example.flowerplatform.unitTest.EmailAuthenticationProviderTest
2023-03-18T13:52:51.794+09:00 DEBUG 85348 --- [    Test worker] DependencyInjectionTestExecutionListener : Performing dependency injection for test class com.example.flowerplatform.unitTest.EmailAuthenticationProviderTest
2023-03-18T13:52:51.794+09:00 DEBUG 85348 --- [    Test worker] org.springframework.test.context.cache   : Spring test ApplicationContext cache statistics: [DefaultContextCache@5623fd90 size = 4, maxSize = 32, parentContextCount = 0, hitCount = 282, missCount = 4]
2023-03-18T13:52:51.794+09:00 DEBUG 85348 --- [    Test worker] org.springframework.test.context.cache   : Spring test ApplicationContext cache statistics: [DefaultContextCache@5623fd90 size = 4, maxSize = 32, parentContextCount = 0, hitCount = 283, missCount = 4]
2023-03-18T13:52:51.795+09:00 DEBUG 85348 --- [    Test worker] tractDirtiesContextTestExecutionListener : Before test method: class [EmailAuthenticationProviderTest], method [testEmailAuthenticationProvider], class annotated with @DirtiesContext [false] with mode [null], method annotated with @DirtiesContext [false] with mode [null]
2023-03-18T13:52:51.795+09:00 DEBUG 85348 --- [    Test worker] org.springframework.test.context.cache   : Spring test ApplicationContext cache statistics: [DefaultContextCache@5623fd90 size = 4, maxSize = 32, parentContextCount = 0, hitCount = 284, missCount = 4]
2023-03-18T13:52:51.795+09:00 DEBUG 85348 --- [    Test worker] org.springframework.test.context.cache   : Spring test ApplicationContext cache statistics: [DefaultContextCache@5623fd90 size = 4, maxSize = 32, parentContextCount = 0, hitCount = 285, missCount = 4]
2023-03-18T13:52:51.842+09:00 DEBUG 85348 --- [    Test worker] org.springframework.test.context.cache   : Spring test ApplicationContext cache statistics: [DefaultContextCache@5623fd90 size = 4, maxSize = 32, parentContextCount = 0, hitCount = 286, missCount = 4]
2023-03-18T13:52:51.843+09:00 DEBUG 85348 --- [    Test worker] org.springframework.test.context.cache   : Spring test ApplicationContext cache statistics: [DefaultContextCache@5623fd90 size = 4, maxSize = 32, parentContextCount = 0, hitCount = 287, missCount = 4]
2023-03-18T13:52:51.843+09:00 DEBUG 85348 --- [    Test worker] org.springframework.test.context.cache   : Spring test ApplicationContext cache statistics: [DefaultContextCache@5623fd90 size = 4, maxSize = 32, parentContextCount = 0, hitCount = 288, missCount = 4]
2023-03-18T13:52:51.844+09:00 DEBUG 85348 --- [    Test worker] org.springframework.test.context.cache   : Spring test ApplicationContext cache statistics: [DefaultContextCache@5623fd90 size = 4, maxSize = 32, parentContextCount = 0, hitCount = 289, missCount = 4]
2023-03-18T13:52:51.844+09:00 DEBUG 85348 --- [    Test worker] org.springframework.test.context.cache   : Spring test ApplicationContext cache statistics: [DefaultContextCache@5623fd90 size = 4, maxSize = 32, parentContextCount = 0, hitCount = 290, missCount = 4]
2023-03-18T13:52:51.844+09:00 DEBUG 85348 --- [    Test worker] org.springframework.test.context.cache   : Spring test ApplicationContext cache statistics: [DefaultContextCache@5623fd90 size = 4, maxSize = 32, parentContextCount = 0, hitCount = 291, missCount = 4]
2023-03-18T13:52:51.844+09:00 DEBUG 85348 --- [    Test worker] org.springframework.test.context.cache   : Spring test ApplicationContext cache statistics: [DefaultContextCache@5623fd90 size = 4, maxSize = 32, parentContextCount = 0, hitCount = 292, missCount = 4]
2023-03-18T13:52:51.844+09:00 DEBUG 85348 --- [    Test worker] org.springframework.test.context.cache   : Spring test ApplicationContext cache statistics: [DefaultContextCache@5623fd90 size = 4, maxSize = 32, parentContextCount = 0, hitCount = 293, missCount = 4]
2023-03-18T13:52:51.844+09:00 DEBUG 85348 --- [    Test worker] tractDirtiesContextTestExecutionListener : After test method: class [EmailAuthenticationProviderTest], method [testEmailAuthenticationProvider], class annotated with @DirtiesContext [false] with mode [null], method annotated with @DirtiesContext [false] with mode [null]
2023-03-18T13:52:51.844+09:00 DEBUG 85348 --- [    Test worker] o.s.t.c.w.ServletTestExecutionListener   : Resetting RequestContextHolder for test class com.example.flowerplatform.unitTest.EmailAuthenticationProviderTest
2023-03-18T13:52:51.845+09:00 DEBUG 85348 --- [    Test worker] org.springframework.test.context.cache   : Spring test ApplicationContext cache statistics: [DefaultContextCache@5623fd90 size = 4, maxSize = 32, parentContextCount = 0, hitCount = 294, missCount = 4]
2023-03-18T13:52:51.845+09:00 DEBUG 85348 --- [    Test worker] tractDirtiesContextTestExecutionListener : After test class: class [EmailAuthenticationProviderTest], class annotated with @DirtiesContext [false] with mode [null]
]]></system-out>
  <system-err><![CDATA[]]></system-err>
</testsuite>
