<?xml version="1.0" encoding="UTF-8"?>
<testsuite name="com.example.flowerplatform.unitTest.AuthenticationFilterTest" tests="4" skipped="0" failures="0" errors="0" timestamp="2023-03-18T04:52:51" hostname="jeongsang-won-ui-MacBookAir.local" time="0.048">
  <properties/>
  <testcase name="attemptSuccessAuthenticationTest()" classname="com.example.flowerplatform.unitTest.AuthenticationFilterTest" time="0.013"/>
  <testcase name="testClassType()" classname="com.example.flowerplatform.unitTest.AuthenticationFilterTest" time="0.026"/>
  <testcase name="attemptWrongMethodAuthenticationTest()" classname="com.example.flowerplatform.unitTest.AuthenticationFilterTest" time="0.004"/>
  <testcase name="attemptObjectMapperFailureAuthenticationTest()" classname="com.example.flowerplatform.unitTest.AuthenticationFilterTest" time="0.002"/>
  <system-out><![CDATA[2023-03-18T13:52:51.169+09:00 DEBUG 85348 --- [    Test worker] .b.t.c.SpringBootTestContextBootstrapper : Neither @ContextConfiguration nor @ContextHierarchy found for test class [AuthenticationFilterTest]: using SpringBootContextLoader
2023-03-18T13:52:51.170+09:00 DEBUG 85348 --- [    Test worker] o.s.t.c.support.AbstractContextLoader    : Could not detect default resource locations for test class [com.example.flowerplatform.unitTest.AuthenticationFilterTest]: no resource found for suffixes {-context.xml, Context.groovy}.
2023-03-18T13:52:51.170+09:00 DEBUG 85348 --- [    Test worker] .b.t.c.SpringBootTestContextBootstrapper : Using ContextCustomizers for test class [AuthenticationFilterTest]: [DisableObservabilityContextCustomizer, PropertyMappingContextCustomizer, Customizer, ExcludeFilterContextCustomizer, DuplicateJsonObjectContextCustomizer, MockitoContextCustomizer, TestRestTemplateContextCustomizer]
2023-03-18T13:52:51.171+09:00 DEBUG 85348 --- [    Test worker] .b.t.c.SpringBootTestContextBootstrapper : Using TestExecutionListeners for test class [AuthenticationFilterTest]: [ServletTestExecutionListener, DirtiesContextBeforeModesTestExecutionListener, ApplicationEventsTestExecutionListener, MockitoTestExecutionListener, DependencyInjectionTestExecutionListener, DirtiesContextTestExecutionListener, TransactionalTestExecutionListener, SqlScriptsTestExecutionListener, WithSecurityContextTestExecutionListener, EventPublishingTestExecutionListener, ReactorContextTestExecutionListener, RestDocsTestExecutionListener, MockRestServiceServerResetTestExecutionListener, MockMvcPrintOnlyOnFailureTestExecutionListener, WebDriverTestExecutionListener, MockWebServiceServerTestExecutionListener, ResetMocksTestExecutionListener]
2023-03-18T13:52:51.172+09:00 DEBUG 85348 --- [    Test worker] tractDirtiesContextTestExecutionListener : Before test class: class [AuthenticationFilterTest], class annotated with @DirtiesContext [false] with mode [null]
2023-03-18T13:52:51.184+09:00 DEBUG 85348 --- [    Test worker] .s.b.w.s.c.ApplicationServletEnvironment : Activating profiles [dev]

  .   ____          _            __ _ _
 /\\ / ___'_ __ _ _(_)_ __  __ _ \ \ \ \
( ( )\___ | '_ | '_| | '_ \/ _` | \ \ \ \
 \\/  ___)| |_)| | | | | || (_| |  ) ) ) )
  '  |____| .__|_| |_|_| |_\__, | / / / /
 =========|_|==============|___/=/_/_/_/
 :: Spring Boot ::                (v3.0.3)

2023-03-18T13:52:51.187+09:00  INFO 85348 --- [    Test worker] c.e.f.unitTest.AuthenticationFilterTest  : Starting AuthenticationFilterTest using Java 19.0.2 with PID 85348 (started by jeongsang-won in /Users/jeongsang-won/Documents/flower-startup/development/spring)
2023-03-18T13:52:51.187+09:00 DEBUG 85348 --- [    Test worker] c.e.f.unitTest.AuthenticationFilterTest  : Running with Spring Boot v3.0.3, Spring v6.0.5
2023-03-18T13:52:51.187+09:00  INFO 85348 --- [    Test worker] c.e.f.unitTest.AuthenticationFilterTest  : The following 1 profile is active: "dev"
2023-03-18T13:52:51.187+09:00 DEBUG 85348 --- [    Test worker] o.s.boot.SpringApplication               : Loading source class com.example.flowerplatform.security.authentication.filter.AuthenticationFilter
2023-03-18T13:52:51.188+09:00 DEBUG 85348 --- [    Test worker] o.s.w.c.s.GenericWebApplicationContext   : Refreshing org.springframework.web.context.support.GenericWebApplicationContext@7244d87
2023-03-18T13:52:51.189+09:00 DEBUG 85348 --- [    Test worker] o.s.b.f.s.DefaultListableBeanFactory     : Creating shared instance of singleton bean 'org.springframework.context.annotation.internalConfigurationAnnotationProcessor'
2023-03-18T13:52:51.189+09:00 DEBUG 85348 --- [    Test worker] o.s.b.f.s.DefaultListableBeanFactory     : Creating shared instance of singleton bean 'org.springframework.boot.autoconfigure.internalCachingMetadataReaderFactory'
2023-03-18T13:52:51.191+09:00 DEBUG 85348 --- [    Test worker] o.s.b.f.s.DefaultListableBeanFactory     : Creating shared instance of singleton bean 'org.springframework.boot.test.mock.mockito.MockitoPostProcessor'
2023-03-18T13:52:51.511+09:00 DEBUG 85348 --- [    Test worker] o.s.b.f.s.DefaultListableBeanFactory     : Creating shared instance of singleton bean 'org.springframework.context.event.internalEventListenerProcessor'
2023-03-18T13:52:51.511+09:00 DEBUG 85348 --- [    Test worker] o.s.b.f.s.DefaultListableBeanFactory     : Creating shared instance of singleton bean 'org.springframework.context.event.internalEventListenerFactory'
2023-03-18T13:52:51.511+09:00 DEBUG 85348 --- [    Test worker] o.s.b.f.s.DefaultListableBeanFactory     : Creating shared instance of singleton bean 'org.springframework.boot.test.mock.mockito.MockitoPostProcessor$SpyPostProcessor'
2023-03-18T13:52:51.511+09:00 DEBUG 85348 --- [    Test worker] o.s.b.f.s.DefaultListableBeanFactory     : Creating shared instance of singleton bean 'org.springframework.context.annotation.internalAutowiredAnnotationProcessor'
2023-03-18T13:52:51.512+09:00 DEBUG 85348 --- [    Test worker] o.s.b.f.s.DefaultListableBeanFactory     : Creating shared instance of singleton bean 'org.springframework.context.annotation.internalCommonAnnotationProcessor'
2023-03-18T13:52:51.512+09:00 DEBUG 85348 --- [    Test worker] o.s.b.f.s.DefaultListableBeanFactory     : Creating shared instance of singleton bean 'org.springframework.context.annotation.internalPersistenceAnnotationProcessor'
2023-03-18T13:52:51.512+09:00 DEBUG 85348 --- [    Test worker] o.s.u.c.s.UiApplicationContextUtils      : Unable to locate ThemeSource with name 'themeSource': using default [org.springframework.ui.context.support.ResourceBundleThemeSource@605ef319]
2023-03-18T13:52:51.512+09:00 DEBUG 85348 --- [    Test worker] o.s.b.f.s.DefaultListableBeanFactory     : Creating shared instance of singleton bean 'authenticationFilter'
2023-03-18T13:52:51.512+09:00 DEBUG 85348 --- [    Test worker] o.s.b.f.s.DefaultListableBeanFactory     : Autowiring by type from bean name 'authenticationFilter' via constructor to bean named 'org.springframework.security.web.util.matcher.RequestMatcher#0'
2023-03-18T13:52:51.512+09:00 DEBUG 85348 --- [    Test worker] o.s.b.f.s.DefaultListableBeanFactory     : Autowiring by type from bean name 'authenticationFilter' via constructor to bean named 'org.springframework.security.authentication.AuthenticationManager#0'
2023-03-18T13:52:51.512+09:00 DEBUG 85348 --- [    Test worker] o.s.b.f.s.DefaultListableBeanFactory     : Autowiring by type from bean name 'authenticationFilter' via constructor to bean named 'jakarta.validation.Validator#0'
2023-03-18T13:52:51.512+09:00 DEBUG 85348 --- [    Test worker] o.s.b.f.s.DefaultListableBeanFactory     : Autowiring by type from bean name 'authenticationFilter' via constructor to bean named 'com.fasterxml.jackson.databind.ObjectMapper#0'
2023-03-18T13:52:51.515+09:00 DEBUG 85348 --- [    Test worker] o.s.c.support.DefaultLifecycleProcessor  : Starting beans in phase -2147483647
2023-03-18T13:52:51.515+09:00 DEBUG 85348 --- [    Test worker] o.s.c.support.DefaultLifecycleProcessor  : Successfully started bean 'springBootLoggingLifecycle'
2023-03-18T13:52:51.515+09:00  INFO 85348 --- [    Test worker] c.e.f.unitTest.AuthenticationFilterTest  : Started AuthenticationFilterTest in 0.342 seconds (process running for 3.97)
2023-03-18T13:52:51.515+09:00 DEBUG 85348 --- [    Test worker] org.springframework.test.context.cache   : Spring test ApplicationContext cache statistics: [DefaultContextCache@5623fd90 size = 3, maxSize = 32, parentContextCount = 0, hitCount = 166, missCount = 3]
2023-03-18T13:52:51.516+09:00 DEBUG 85348 --- [    Test worker] o.s.t.c.w.ServletTestExecutionListener   : Setting up MockHttpServletRequest, MockHttpServletResponse, ServletWebRequest, and RequestContextHolder for test class com.example.flowerplatform.unitTest.AuthenticationFilterTest
2023-03-18T13:52:51.516+09:00 DEBUG 85348 --- [    Test worker] org.springframework.test.context.cache   : Spring test ApplicationContext cache statistics: [DefaultContextCache@5623fd90 size = 3, maxSize = 32, parentContextCount = 0, hitCount = 167, missCount = 3]
2023-03-18T13:52:51.516+09:00 DEBUG 85348 --- [    Test worker] DependencyInjectionTestExecutionListener : Performing dependency injection for test class com.example.flowerplatform.unitTest.AuthenticationFilterTest
2023-03-18T13:52:51.516+09:00 DEBUG 85348 --- [    Test worker] org.springframework.test.context.cache   : Spring test ApplicationContext cache statistics: [DefaultContextCache@5623fd90 size = 3, maxSize = 32, parentContextCount = 0, hitCount = 168, missCount = 3]
2023-03-18T13:52:51.517+09:00 DEBUG 85348 --- [    Test worker] org.springframework.test.context.cache   : Spring test ApplicationContext cache statistics: [DefaultContextCache@5623fd90 size = 3, maxSize = 32, parentContextCount = 0, hitCount = 169, missCount = 3]
2023-03-18T13:52:51.518+09:00 DEBUG 85348 --- [    Test worker] tractDirtiesContextTestExecutionListener : Before test method: class [AuthenticationFilterTest], method [attemptSuccessAuthenticationTest], class annotated with @DirtiesContext [false] with mode [null], method annotated with @DirtiesContext [false] with mode [null]
2023-03-18T13:52:51.519+09:00 DEBUG 85348 --- [    Test worker] org.springframework.test.context.cache   : Spring test ApplicationContext cache statistics: [DefaultContextCache@5623fd90 size = 3, maxSize = 32, parentContextCount = 0, hitCount = 170, missCount = 3]
2023-03-18T13:52:51.519+09:00 DEBUG 85348 --- [    Test worker] org.springframework.test.context.cache   : Spring test ApplicationContext cache statistics: [DefaultContextCache@5623fd90 size = 3, maxSize = 32, parentContextCount = 0, hitCount = 171, missCount = 3]
2023-03-18T13:52:51.519+09:00 DEBUG 85348 --- [    Test worker] org.springframework.test.context.cache   : Spring test ApplicationContext cache statistics: [DefaultContextCache@5623fd90 size = 3, maxSize = 32, parentContextCount = 0, hitCount = 172, missCount = 3]
2023-03-18T13:52:51.529+09:00 DEBUG 85348 --- [    Test worker] c.e.f.s.a.filter.AuthenticationFilter    : org.springframework.mock.web.MockHttpServletRequest@6eb58fdd is in login filter!
2023-03-18T13:52:51.529+09:00 DEBUG 85348 --- [    Test worker] org.springframework.test.context.cache   : Spring test ApplicationContext cache statistics: [DefaultContextCache@5623fd90 size = 3, maxSize = 32, parentContextCount = 0, hitCount = 173, missCount = 3]
2023-03-18T13:52:51.529+09:00 DEBUG 85348 --- [    Test worker] org.springframework.test.context.cache   : Spring test ApplicationContext cache statistics: [DefaultContextCache@5623fd90 size = 3, maxSize = 32, parentContextCount = 0, hitCount = 174, missCount = 3]
2023-03-18T13:52:51.530+09:00 DEBUG 85348 --- [    Test worker] org.springframework.test.context.cache   : Spring test ApplicationContext cache statistics: [DefaultContextCache@5623fd90 size = 3, maxSize = 32, parentContextCount = 0, hitCount = 175, missCount = 3]
2023-03-18T13:52:51.530+09:00 DEBUG 85348 --- [    Test worker] org.springframework.test.context.cache   : Spring test ApplicationContext cache statistics: [DefaultContextCache@5623fd90 size = 3, maxSize = 32, parentContextCount = 0, hitCount = 176, missCount = 3]
2023-03-18T13:52:51.530+09:00 DEBUG 85348 --- [    Test worker] org.springframework.test.context.cache   : Spring test ApplicationContext cache statistics: [DefaultContextCache@5623fd90 size = 3, maxSize = 32, parentContextCount = 0, hitCount = 177, missCount = 3]
2023-03-18T13:52:51.530+09:00 DEBUG 85348 --- [    Test worker] org.springframework.test.context.cache   : Spring test ApplicationContext cache statistics: [DefaultContextCache@5623fd90 size = 3, maxSize = 32, parentContextCount = 0, hitCount = 178, missCount = 3]
2023-03-18T13:52:51.530+09:00 DEBUG 85348 --- [    Test worker] org.springframework.test.context.cache   : Spring test ApplicationContext cache statistics: [DefaultContextCache@5623fd90 size = 3, maxSize = 32, parentContextCount = 0, hitCount = 179, missCount = 3]
2023-03-18T13:52:51.530+09:00 DEBUG 85348 --- [    Test worker] tractDirtiesContextTestExecutionListener : After test method: class [AuthenticationFilterTest], method [attemptSuccessAuthenticationTest], class annotated with @DirtiesContext [false] with mode [null], method annotated with @DirtiesContext [false] with mode [null]
2023-03-18T13:52:51.530+09:00 DEBUG 85348 --- [    Test worker] o.s.t.c.w.ServletTestExecutionListener   : Resetting RequestContextHolder for test class com.example.flowerplatform.unitTest.AuthenticationFilterTest
2023-03-18T13:52:51.530+09:00 DEBUG 85348 --- [    Test worker] org.springframework.test.context.cache   : Spring test ApplicationContext cache statistics: [DefaultContextCache@5623fd90 size = 3, maxSize = 32, parentContextCount = 0, hitCount = 180, missCount = 3]
2023-03-18T13:52:51.530+09:00 DEBUG 85348 --- [    Test worker] o.s.t.c.w.ServletTestExecutionListener   : Setting up MockHttpServletRequest, MockHttpServletResponse, ServletWebRequest, and RequestContextHolder for test class com.example.flowerplatform.unitTest.AuthenticationFilterTest
2023-03-18T13:52:51.531+09:00 DEBUG 85348 --- [    Test worker] org.springframework.test.context.cache   : Spring test ApplicationContext cache statistics: [DefaultContextCache@5623fd90 size = 3, maxSize = 32, parentContextCount = 0, hitCount = 181, missCount = 3]
2023-03-18T13:52:51.531+09:00 DEBUG 85348 --- [    Test worker] DependencyInjectionTestExecutionListener : Performing dependency injection for test class com.example.flowerplatform.unitTest.AuthenticationFilterTest
2023-03-18T13:52:51.531+09:00 DEBUG 85348 --- [    Test worker] org.springframework.test.context.cache   : Spring test ApplicationContext cache statistics: [DefaultContextCache@5623fd90 size = 3, maxSize = 32, parentContextCount = 0, hitCount = 182, missCount = 3]
2023-03-18T13:52:51.531+09:00 DEBUG 85348 --- [    Test worker] org.springframework.test.context.cache   : Spring test ApplicationContext cache statistics: [DefaultContextCache@5623fd90 size = 3, maxSize = 32, parentContextCount = 0, hitCount = 183, missCount = 3]
2023-03-18T13:52:51.532+09:00 DEBUG 85348 --- [    Test worker] tractDirtiesContextTestExecutionListener : Before test method: class [AuthenticationFilterTest], method [testClassType], class annotated with @DirtiesContext [false] with mode [null], method annotated with @DirtiesContext [false] with mode [null]
2023-03-18T13:52:51.532+09:00 DEBUG 85348 --- [    Test worker] org.springframework.test.context.cache   : Spring test ApplicationContext cache statistics: [DefaultContextCache@5623fd90 size = 3, maxSize = 32, parentContextCount = 0, hitCount = 184, missCount = 3]
2023-03-18T13:52:51.532+09:00 DEBUG 85348 --- [    Test worker] org.springframework.test.context.cache   : Spring test ApplicationContext cache statistics: [DefaultContextCache@5623fd90 size = 3, maxSize = 32, parentContextCount = 0, hitCount = 185, missCount = 3]
2023-03-18T13:52:51.532+09:00 DEBUG 85348 --- [    Test worker] org.springframework.test.context.cache   : Spring test ApplicationContext cache statistics: [DefaultContextCache@5623fd90 size = 3, maxSize = 32, parentContextCount = 0, hitCount = 186, missCount = 3]
2023-03-18T13:52:51.557+09:00 DEBUG 85348 --- [    Test worker] org.springframework.test.context.cache   : Spring test ApplicationContext cache statistics: [DefaultContextCache@5623fd90 size = 3, maxSize = 32, parentContextCount = 0, hitCount = 187, missCount = 3]
2023-03-18T13:52:51.557+09:00 DEBUG 85348 --- [    Test worker] org.springframework.test.context.cache   : Spring test ApplicationContext cache statistics: [DefaultContextCache@5623fd90 size = 3, maxSize = 32, parentContextCount = 0, hitCount = 188, missCount = 3]
2023-03-18T13:52:51.557+09:00 DEBUG 85348 --- [    Test worker] org.springframework.test.context.cache   : Spring test ApplicationContext cache statistics: [DefaultContextCache@5623fd90 size = 3, maxSize = 32, parentContextCount = 0, hitCount = 189, missCount = 3]
2023-03-18T13:52:51.557+09:00 DEBUG 85348 --- [    Test worker] org.springframework.test.context.cache   : Spring test ApplicationContext cache statistics: [DefaultContextCache@5623fd90 size = 3, maxSize = 32, parentContextCount = 0, hitCount = 190, missCount = 3]
2023-03-18T13:52:51.557+09:00 DEBUG 85348 --- [    Test worker] org.springframework.test.context.cache   : Spring test ApplicationContext cache statistics: [DefaultContextCache@5623fd90 size = 3, maxSize = 32, parentContextCount = 0, hitCount = 191, missCount = 3]
2023-03-18T13:52:51.557+09:00 DEBUG 85348 --- [    Test worker] org.springframework.test.context.cache   : Spring test ApplicationContext cache statistics: [DefaultContextCache@5623fd90 size = 3, maxSize = 32, parentContextCount = 0, hitCount = 192, missCount = 3]
2023-03-18T13:52:51.557+09:00 DEBUG 85348 --- [    Test worker] org.springframework.test.context.cache   : Spring test ApplicationContext cache statistics: [DefaultContextCache@5623fd90 size = 3, maxSize = 32, parentContextCount = 0, hitCount = 193, missCount = 3]
2023-03-18T13:52:51.557+09:00 DEBUG 85348 --- [    Test worker] tractDirtiesContextTestExecutionListener : After test method: class [AuthenticationFilterTest], method [testClassType], class annotated with @DirtiesContext [false] with mode [null], method annotated with @DirtiesContext [false] with mode [null]
2023-03-18T13:52:51.557+09:00 DEBUG 85348 --- [    Test worker] o.s.t.c.w.ServletTestExecutionListener   : Resetting RequestContextHolder for test class com.example.flowerplatform.unitTest.AuthenticationFilterTest
2023-03-18T13:52:51.558+09:00 DEBUG 85348 --- [    Test worker] org.springframework.test.context.cache   : Spring test ApplicationContext cache statistics: [DefaultContextCache@5623fd90 size = 3, maxSize = 32, parentContextCount = 0, hitCount = 194, missCount = 3]
2023-03-18T13:52:51.558+09:00 DEBUG 85348 --- [    Test worker] o.s.t.c.w.ServletTestExecutionListener   : Setting up MockHttpServletRequest, MockHttpServletResponse, ServletWebRequest, and RequestContextHolder for test class com.example.flowerplatform.unitTest.AuthenticationFilterTest
2023-03-18T13:52:51.558+09:00 DEBUG 85348 --- [    Test worker] org.springframework.test.context.cache   : Spring test ApplicationContext cache statistics: [DefaultContextCache@5623fd90 size = 3, maxSize = 32, parentContextCount = 0, hitCount = 195, missCount = 3]
2023-03-18T13:52:51.558+09:00 DEBUG 85348 --- [    Test worker] DependencyInjectionTestExecutionListener : Performing dependency injection for test class com.example.flowerplatform.unitTest.AuthenticationFilterTest
2023-03-18T13:52:51.558+09:00 DEBUG 85348 --- [    Test worker] org.springframework.test.context.cache   : Spring test ApplicationContext cache statistics: [DefaultContextCache@5623fd90 size = 3, maxSize = 32, parentContextCount = 0, hitCount = 196, missCount = 3]
2023-03-18T13:52:51.558+09:00 DEBUG 85348 --- [    Test worker] org.springframework.test.context.cache   : Spring test ApplicationContext cache statistics: [DefaultContextCache@5623fd90 size = 3, maxSize = 32, parentContextCount = 0, hitCount = 197, missCount = 3]
2023-03-18T13:52:51.560+09:00 DEBUG 85348 --- [    Test worker] tractDirtiesContextTestExecutionListener : Before test method: class [AuthenticationFilterTest], method [attemptWrongMethodAuthenticationTest], class annotated with @DirtiesContext [false] with mode [null], method annotated with @DirtiesContext [false] with mode [null]
2023-03-18T13:52:51.560+09:00 DEBUG 85348 --- [    Test worker] org.springframework.test.context.cache   : Spring test ApplicationContext cache statistics: [DefaultContextCache@5623fd90 size = 3, maxSize = 32, parentContextCount = 0, hitCount = 198, missCount = 3]
2023-03-18T13:52:51.560+09:00 DEBUG 85348 --- [    Test worker] org.springframework.test.context.cache   : Spring test ApplicationContext cache statistics: [DefaultContextCache@5623fd90 size = 3, maxSize = 32, parentContextCount = 0, hitCount = 199, missCount = 3]
2023-03-18T13:52:51.560+09:00 DEBUG 85348 --- [    Test worker] org.springframework.test.context.cache   : Spring test ApplicationContext cache statistics: [DefaultContextCache@5623fd90 size = 3, maxSize = 32, parentContextCount = 0, hitCount = 200, missCount = 3]
2023-03-18T13:52:51.561+09:00 DEBUG 85348 --- [    Test worker] c.e.f.s.a.filter.AuthenticationFilter    : org.springframework.mock.web.MockHttpServletRequest@5dca1c50 is in login filter!
2023-03-18T13:52:51.562+09:00 DEBUG 85348 --- [    Test worker] org.springframework.test.context.cache   : Spring test ApplicationContext cache statistics: [DefaultContextCache@5623fd90 size = 3, maxSize = 32, parentContextCount = 0, hitCount = 201, missCount = 3]
2023-03-18T13:52:51.562+09:00 DEBUG 85348 --- [    Test worker] org.springframework.test.context.cache   : Spring test ApplicationContext cache statistics: [DefaultContextCache@5623fd90 size = 3, maxSize = 32, parentContextCount = 0, hitCount = 202, missCount = 3]
2023-03-18T13:52:51.562+09:00 DEBUG 85348 --- [    Test worker] org.springframework.test.context.cache   : Spring test ApplicationContext cache statistics: [DefaultContextCache@5623fd90 size = 3, maxSize = 32, parentContextCount = 0, hitCount = 203, missCount = 3]
2023-03-18T13:52:51.562+09:00 DEBUG 85348 --- [    Test worker] org.springframework.test.context.cache   : Spring test ApplicationContext cache statistics: [DefaultContextCache@5623fd90 size = 3, maxSize = 32, parentContextCount = 0, hitCount = 204, missCount = 3]
2023-03-18T13:52:51.562+09:00 DEBUG 85348 --- [    Test worker] org.springframework.test.context.cache   : Spring test ApplicationContext cache statistics: [DefaultContextCache@5623fd90 size = 3, maxSize = 32, parentContextCount = 0, hitCount = 205, missCount = 3]
2023-03-18T13:52:51.562+09:00 DEBUG 85348 --- [    Test worker] org.springframework.test.context.cache   : Spring test ApplicationContext cache statistics: [DefaultContextCache@5623fd90 size = 3, maxSize = 32, parentContextCount = 0, hitCount = 206, missCount = 3]
2023-03-18T13:52:51.562+09:00 DEBUG 85348 --- [    Test worker] org.springframework.test.context.cache   : Spring test ApplicationContext cache statistics: [DefaultContextCache@5623fd90 size = 3, maxSize = 32, parentContextCount = 0, hitCount = 207, missCount = 3]
2023-03-18T13:52:51.562+09:00 DEBUG 85348 --- [    Test worker] tractDirtiesContextTestExecutionListener : After test method: class [AuthenticationFilterTest], method [attemptWrongMethodAuthenticationTest], class annotated with @DirtiesContext [false] with mode [null], method annotated with @DirtiesContext [false] with mode [null]
2023-03-18T13:52:51.562+09:00 DEBUG 85348 --- [    Test worker] o.s.t.c.w.ServletTestExecutionListener   : Resetting RequestContextHolder for test class com.example.flowerplatform.unitTest.AuthenticationFilterTest
2023-03-18T13:52:51.563+09:00 DEBUG 85348 --- [    Test worker] org.springframework.test.context.cache   : Spring test ApplicationContext cache statistics: [DefaultContextCache@5623fd90 size = 3, maxSize = 32, parentContextCount = 0, hitCount = 208, missCount = 3]
2023-03-18T13:52:51.563+09:00 DEBUG 85348 --- [    Test worker] o.s.t.c.w.ServletTestExecutionListener   : Setting up MockHttpServletRequest, MockHttpServletResponse, ServletWebRequest, and RequestContextHolder for test class com.example.flowerplatform.unitTest.AuthenticationFilterTest
2023-03-18T13:52:51.563+09:00 DEBUG 85348 --- [    Test worker] org.springframework.test.context.cache   : Spring test ApplicationContext cache statistics: [DefaultContextCache@5623fd90 size = 3, maxSize = 32, parentContextCount = 0, hitCount = 209, missCount = 3]
2023-03-18T13:52:51.563+09:00 DEBUG 85348 --- [    Test worker] DependencyInjectionTestExecutionListener : Performing dependency injection for test class com.example.flowerplatform.unitTest.AuthenticationFilterTest
2023-03-18T13:52:51.563+09:00 DEBUG 85348 --- [    Test worker] org.springframework.test.context.cache   : Spring test ApplicationContext cache statistics: [DefaultContextCache@5623fd90 size = 3, maxSize = 32, parentContextCount = 0, hitCount = 210, missCount = 3]
2023-03-18T13:52:51.563+09:00 DEBUG 85348 --- [    Test worker] org.springframework.test.context.cache   : Spring test ApplicationContext cache statistics: [DefaultContextCache@5623fd90 size = 3, maxSize = 32, parentContextCount = 0, hitCount = 211, missCount = 3]
2023-03-18T13:52:51.563+09:00 DEBUG 85348 --- [    Test worker] tractDirtiesContextTestExecutionListener : Before test method: class [AuthenticationFilterTest], method [attemptObjectMapperFailureAuthenticationTest], class annotated with @DirtiesContext [false] with mode [null], method annotated with @DirtiesContext [false] with mode [null]
2023-03-18T13:52:51.564+09:00 DEBUG 85348 --- [    Test worker] org.springframework.test.context.cache   : Spring test ApplicationContext cache statistics: [DefaultContextCache@5623fd90 size = 3, maxSize = 32, parentContextCount = 0, hitCount = 212, missCount = 3]
2023-03-18T13:52:51.564+09:00 DEBUG 85348 --- [    Test worker] org.springframework.test.context.cache   : Spring test ApplicationContext cache statistics: [DefaultContextCache@5623fd90 size = 3, maxSize = 32, parentContextCount = 0, hitCount = 213, missCount = 3]
2023-03-18T13:52:51.564+09:00 DEBUG 85348 --- [    Test worker] org.springframework.test.context.cache   : Spring test ApplicationContext cache statistics: [DefaultContextCache@5623fd90 size = 3, maxSize = 32, parentContextCount = 0, hitCount = 214, missCount = 3]
2023-03-18T13:52:51.565+09:00 DEBUG 85348 --- [    Test worker] c.e.f.s.a.filter.AuthenticationFilter    : org.springframework.mock.web.MockHttpServletRequest@6e11d059 is in login filter!
2023-03-18T13:52:51.565+09:00 DEBUG 85348 --- [    Test worker] org.springframework.test.context.cache   : Spring test ApplicationContext cache statistics: [DefaultContextCache@5623fd90 size = 3, maxSize = 32, parentContextCount = 0, hitCount = 215, missCount = 3]
2023-03-18T13:52:51.565+09:00 DEBUG 85348 --- [    Test worker] org.springframework.test.context.cache   : Spring test ApplicationContext cache statistics: [DefaultContextCache@5623fd90 size = 3, maxSize = 32, parentContextCount = 0, hitCount = 216, missCount = 3]
2023-03-18T13:52:51.566+09:00 DEBUG 85348 --- [    Test worker] org.springframework.test.context.cache   : Spring test ApplicationContext cache statistics: [DefaultContextCache@5623fd90 size = 3, maxSize = 32, parentContextCount = 0, hitCount = 217, missCount = 3]
2023-03-18T13:52:51.566+09:00 DEBUG 85348 --- [    Test worker] org.springframework.test.context.cache   : Spring test ApplicationContext cache statistics: [DefaultContextCache@5623fd90 size = 3, maxSize = 32, parentContextCount = 0, hitCount = 218, missCount = 3]
2023-03-18T13:52:51.566+09:00 DEBUG 85348 --- [    Test worker] org.springframework.test.context.cache   : Spring test ApplicationContext cache statistics: [DefaultContextCache@5623fd90 size = 3, maxSize = 32, parentContextCount = 0, hitCount = 219, missCount = 3]
2023-03-18T13:52:51.566+09:00 DEBUG 85348 --- [    Test worker] org.springframework.test.context.cache   : Spring test ApplicationContext cache statistics: [DefaultContextCache@5623fd90 size = 3, maxSize = 32, parentContextCount = 0, hitCount = 220, missCount = 3]
2023-03-18T13:52:51.566+09:00 DEBUG 85348 --- [    Test worker] org.springframework.test.context.cache   : Spring test ApplicationContext cache statistics: [DefaultContextCache@5623fd90 size = 3, maxSize = 32, parentContextCount = 0, hitCount = 221, missCount = 3]
2023-03-18T13:52:51.566+09:00 DEBUG 85348 --- [    Test worker] tractDirtiesContextTestExecutionListener : After test method: class [AuthenticationFilterTest], method [attemptObjectMapperFailureAuthenticationTest], class annotated with @DirtiesContext [false] with mode [null], method annotated with @DirtiesContext [false] with mode [null]
2023-03-18T13:52:51.566+09:00 DEBUG 85348 --- [    Test worker] o.s.t.c.w.ServletTestExecutionListener   : Resetting RequestContextHolder for test class com.example.flowerplatform.unitTest.AuthenticationFilterTest
2023-03-18T13:52:51.566+09:00 DEBUG 85348 --- [    Test worker] org.springframework.test.context.cache   : Spring test ApplicationContext cache statistics: [DefaultContextCache@5623fd90 size = 3, maxSize = 32, parentContextCount = 0, hitCount = 222, missCount = 3]
2023-03-18T13:52:51.566+09:00 DEBUG 85348 --- [    Test worker] tractDirtiesContextTestExecutionListener : After test class: class [AuthenticationFilterTest], class annotated with @DirtiesContext [false] with mode [null]
]]></system-out>
  <system-err><![CDATA[]]></system-err>
</testsuite>
