<?xml version="1.0" encoding="UTF-8"?>
<testsuite name="com.example.flowerplatform.integrationTest.TokenManagerImplTest" tests="4" skipped="0" failures="0" errors="0" timestamp="2023-03-18T04:52:51" hostname="jeongsang-won-ui-MacBookAir.local" time="0.058">
  <properties/>
  <testcase name="verifyAccessToken()" classname="com.example.flowerplatform.integrationTest.TokenManagerImplTest" time="0.032"/>
  <testcase name="createAccessToken()" classname="com.example.flowerplatform.integrationTest.TokenManagerImplTest" time="0.002"/>
  <testcase name="createRefreshToken()" classname="com.example.flowerplatform.integrationTest.TokenManagerImplTest" time="0.016"/>
  <testcase name="verifyRefreshToken()" classname="com.example.flowerplatform.integrationTest.TokenManagerImplTest" time="0.004"/>
  <system-out><![CDATA[2023-03-18T13:52:50.933+09:00 DEBUG 85348 --- [    Test worker] .b.t.c.SpringBootTestContextBootstrapper : Neither @ContextConfiguration nor @ContextHierarchy found for test class [TokenManagerImplTest]: using SpringBootContextLoader
2023-03-18T13:52:50.934+09:00 DEBUG 85348 --- [    Test worker] o.s.t.c.support.AbstractContextLoader    : Could not detect default resource locations for test class [com.example.flowerplatform.integrationTest.TokenManagerImplTest]: no resource found for suffixes {-context.xml, Context.groovy}.
2023-03-18T13:52:50.936+09:00 DEBUG 85348 --- [    Test worker] .b.t.c.SpringBootTestContextBootstrapper : Using ContextCustomizers for test class [TokenManagerImplTest]: [DisableObservabilityContextCustomizer, PropertyMappingContextCustomizer, Customizer, ExcludeFilterContextCustomizer, DuplicateJsonObjectContextCustomizer, MockitoContextCustomizer, TestRestTemplateContextCustomizer]
2023-03-18T13:52:50.938+09:00 DEBUG 85348 --- [    Test worker] .b.t.c.SpringBootTestContextBootstrapper : Using TestExecutionListeners for test class [TokenManagerImplTest]: [ServletTestExecutionListener, DirtiesContextBeforeModesTestExecutionListener, ApplicationEventsTestExecutionListener, MockitoTestExecutionListener, DependencyInjectionTestExecutionListener, DirtiesContextTestExecutionListener, TransactionalTestExecutionListener, SqlScriptsTestExecutionListener, WithSecurityContextTestExecutionListener, EventPublishingTestExecutionListener, ReactorContextTestExecutionListener, RestDocsTestExecutionListener, MockRestServiceServerResetTestExecutionListener, MockMvcPrintOnlyOnFailureTestExecutionListener, WebDriverTestExecutionListener, MockWebServiceServerTestExecutionListener, ResetMocksTestExecutionListener]
2023-03-18T13:52:50.938+09:00 DEBUG 85348 --- [    Test worker] tractDirtiesContextTestExecutionListener : Before test class: class [TokenManagerImplTest], class annotated with @DirtiesContext [false] with mode [null]
2023-03-18T13:52:50.959+09:00 DEBUG 85348 --- [    Test worker] .s.b.w.s.c.ApplicationServletEnvironment : Activating profiles [dev]

  .   ____          _            __ _ _
 /\\ / ___'_ __ _ _(_)_ __  __ _ \ \ \ \
( ( )\___ | '_ | '_| | '_ \/ _` | \ \ \ \
 \\/  ___)| |_)| | | | | || (_| |  ) ) ) )
  '  |____| .__|_| |_|_| |_\__, | / / / /
 =========|_|==============|___/=/_/_/_/
 :: Spring Boot ::                (v3.0.3)

2023-03-18T13:52:50.963+09:00  INFO 85348 --- [    Test worker] c.e.f.i.TokenManagerImplTest             : Starting TokenManagerImplTest using Java 19.0.2 with PID 85348 (started by jeongsang-won in /Users/jeongsang-won/Documents/flower-startup/development/spring)
2023-03-18T13:52:50.963+09:00 DEBUG 85348 --- [    Test worker] c.e.f.i.TokenManagerImplTest             : Running with Spring Boot v3.0.3, Spring v6.0.5
2023-03-18T13:52:50.963+09:00  INFO 85348 --- [    Test worker] c.e.f.i.TokenManagerImplTest             : The following 1 profile is active: "dev"
2023-03-18T13:52:50.964+09:00 DEBUG 85348 --- [    Test worker] o.s.boot.SpringApplication               : Loading source class com.example.flowerplatform.util.tokenManager.implementations.tokenWorkers.JwtRefreshTokenWorker,class com.example.flowerplatform.util.tokenManager.implementations.tokenWorkers.JwtAccessTokenWorker,class com.example.flowerplatform.util.tokenManager.implementations.tokenManager.TokenManagerImpl
2023-03-18T13:52:50.965+09:00 DEBUG 85348 --- [    Test worker] o.s.w.c.s.GenericWebApplicationContext   : Refreshing org.springframework.web.context.support.GenericWebApplicationContext@67744663
2023-03-18T13:52:50.966+09:00 DEBUG 85348 --- [    Test worker] o.s.b.f.s.DefaultListableBeanFactory     : Creating shared instance of singleton bean 'org.springframework.context.annotation.internalConfigurationAnnotationProcessor'
2023-03-18T13:52:50.966+09:00 DEBUG 85348 --- [    Test worker] o.s.b.f.s.DefaultListableBeanFactory     : Creating shared instance of singleton bean 'org.springframework.boot.autoconfigure.internalCachingMetadataReaderFactory'
2023-03-18T13:52:50.968+09:00 DEBUG 85348 --- [    Test worker] o.s.b.f.s.DefaultListableBeanFactory     : Creating shared instance of singleton bean 'org.springframework.boot.test.mock.mockito.MockitoPostProcessor'
2023-03-18T13:52:51.006+09:00 DEBUG 85348 --- [    Test worker] o.s.b.f.s.DefaultListableBeanFactory     : Creating shared instance of singleton bean 'org.springframework.context.event.internalEventListenerProcessor'
2023-03-18T13:52:51.007+09:00 DEBUG 85348 --- [    Test worker] o.s.b.f.s.DefaultListableBeanFactory     : Creating shared instance of singleton bean 'org.springframework.context.event.internalEventListenerFactory'
2023-03-18T13:52:51.007+09:00 DEBUG 85348 --- [    Test worker] o.s.b.f.s.DefaultListableBeanFactory     : Creating shared instance of singleton bean 'org.springframework.boot.test.mock.mockito.MockitoPostProcessor$SpyPostProcessor'
2023-03-18T13:52:51.007+09:00 DEBUG 85348 --- [    Test worker] o.s.b.f.s.DefaultListableBeanFactory     : Creating shared instance of singleton bean 'org.springframework.context.annotation.internalAutowiredAnnotationProcessor'
2023-03-18T13:52:51.008+09:00 DEBUG 85348 --- [    Test worker] o.s.b.f.s.DefaultListableBeanFactory     : Creating shared instance of singleton bean 'org.springframework.context.annotation.internalCommonAnnotationProcessor'
2023-03-18T13:52:51.008+09:00 DEBUG 85348 --- [    Test worker] o.s.b.f.s.DefaultListableBeanFactory     : Creating shared instance of singleton bean 'org.springframework.context.annotation.internalPersistenceAnnotationProcessor'
2023-03-18T13:52:51.008+09:00 DEBUG 85348 --- [    Test worker] o.s.u.c.s.UiApplicationContextUtils      : Unable to locate ThemeSource with name 'themeSource': using default [org.springframework.ui.context.support.ResourceBundleThemeSource@199dee18]
2023-03-18T13:52:51.008+09:00 DEBUG 85348 --- [    Test worker] o.s.b.f.s.DefaultListableBeanFactory     : Creating shared instance of singleton bean 'jwtRefreshTokenWorker'
2023-03-18T13:52:51.009+09:00 DEBUG 85348 --- [    Test worker] o.s.b.f.s.DefaultListableBeanFactory     : Autowiring by type from bean name 'jwtRefreshTokenWorker' via constructor to bean named 'com.example.flowerplatform.repository.SessionRepository#0'
2023-03-18T13:52:51.009+09:00 DEBUG 85348 --- [    Test worker] ySourcesPropertyResolver$DefaultResolver : Found key 'jwt.token.secretKey.primary' in PropertySource 'Config resource 'class path resource [application-dev.properties]' via location 'optional:classpath:/'' with value of type String
2023-03-18T13:52:51.009+09:00 DEBUG 85348 --- [    Test worker] ySourcesPropertyResolver$DefaultResolver : Found key 'jwt.token.secretKey.secondary' in PropertySource 'Config resource 'class path resource [application-dev.properties]' via location 'optional:classpath:/'' with value of type String
2023-03-18T13:52:51.009+09:00 DEBUG 85348 --- [    Test worker] o.s.b.f.s.DefaultListableBeanFactory     : Creating shared instance of singleton bean 'jwtAccessTokenWorker'
2023-03-18T13:52:51.010+09:00 DEBUG 85348 --- [    Test worker] ySourcesPropertyResolver$DefaultResolver : Found key 'jwt.token.secretKey.primary' in PropertySource 'Config resource 'class path resource [application-dev.properties]' via location 'optional:classpath:/'' with value of type String
2023-03-18T13:52:51.010+09:00 DEBUG 85348 --- [    Test worker] ySourcesPropertyResolver$DefaultResolver : Found key 'jwt.token.secretKey.secondary' in PropertySource 'Config resource 'class path resource [application-dev.properties]' via location 'optional:classpath:/'' with value of type String
2023-03-18T13:52:51.010+09:00 DEBUG 85348 --- [    Test worker] o.s.b.f.s.DefaultListableBeanFactory     : Creating shared instance of singleton bean 'tokenManagerImpl'
2023-03-18T13:52:51.010+09:00 DEBUG 85348 --- [    Test worker] o.s.b.f.s.DefaultListableBeanFactory     : Autowiring by type from bean name 'tokenManagerImpl' via constructor to bean named 'jwtRefreshTokenWorker'
2023-03-18T13:52:51.010+09:00 DEBUG 85348 --- [    Test worker] o.s.b.f.s.DefaultListableBeanFactory     : Autowiring by type from bean name 'tokenManagerImpl' via constructor to bean named 'jwtAccessTokenWorker'
2023-03-18T13:52:51.011+09:00 DEBUG 85348 --- [    Test worker] o.s.c.support.DefaultLifecycleProcessor  : Starting beans in phase -2147483647
2023-03-18T13:52:51.011+09:00 DEBUG 85348 --- [    Test worker] o.s.c.support.DefaultLifecycleProcessor  : Successfully started bean 'springBootLoggingLifecycle'
2023-03-18T13:52:51.012+09:00  INFO 85348 --- [    Test worker] c.e.f.i.TokenManagerImplTest             : Started TokenManagerImplTest in 0.072 seconds (process running for 3.466)
2023-03-18T13:52:51.012+09:00 DEBUG 85348 --- [    Test worker] org.springframework.test.context.cache   : Spring test ApplicationContext cache statistics: [DefaultContextCache@5623fd90 size = 2, maxSize = 32, parentContextCount = 0, hitCount = 41, missCount = 2]
2023-03-18T13:52:51.012+09:00 DEBUG 85348 --- [    Test worker] o.s.t.c.w.ServletTestExecutionListener   : Setting up MockHttpServletRequest, MockHttpServletResponse, ServletWebRequest, and RequestContextHolder for test class com.example.flowerplatform.integrationTest.TokenManagerImplTest
2023-03-18T13:52:51.013+09:00 DEBUG 85348 --- [    Test worker] org.springframework.test.context.cache   : Spring test ApplicationContext cache statistics: [DefaultContextCache@5623fd90 size = 2, maxSize = 32, parentContextCount = 0, hitCount = 42, missCount = 2]
2023-03-18T13:52:51.013+09:00 DEBUG 85348 --- [    Test worker] DependencyInjectionTestExecutionListener : Performing dependency injection for test class com.example.flowerplatform.integrationTest.TokenManagerImplTest
2023-03-18T13:52:51.013+09:00 DEBUG 85348 --- [    Test worker] org.springframework.test.context.cache   : Spring test ApplicationContext cache statistics: [DefaultContextCache@5623fd90 size = 2, maxSize = 32, parentContextCount = 0, hitCount = 43, missCount = 2]
2023-03-18T13:52:51.014+09:00 DEBUG 85348 --- [    Test worker] org.springframework.test.context.cache   : Spring test ApplicationContext cache statistics: [DefaultContextCache@5623fd90 size = 2, maxSize = 32, parentContextCount = 0, hitCount = 44, missCount = 2]
2023-03-18T13:52:51.015+09:00 DEBUG 85348 --- [    Test worker] tractDirtiesContextTestExecutionListener : Before test method: class [TokenManagerImplTest], method [verifyAccessToken], class annotated with @DirtiesContext [false] with mode [null], method annotated with @DirtiesContext [false] with mode [null]
2023-03-18T13:52:51.016+09:00 DEBUG 85348 --- [    Test worker] org.springframework.test.context.cache   : Spring test ApplicationContext cache statistics: [DefaultContextCache@5623fd90 size = 2, maxSize = 32, parentContextCount = 0, hitCount = 45, missCount = 2]
2023-03-18T13:52:51.016+09:00 DEBUG 85348 --- [    Test worker] org.springframework.test.context.cache   : Spring test ApplicationContext cache statistics: [DefaultContextCache@5623fd90 size = 2, maxSize = 32, parentContextCount = 0, hitCount = 46, missCount = 2]
2023-03-18T13:52:51.016+09:00 DEBUG 85348 --- [    Test worker] org.springframework.test.context.cache   : Spring test ApplicationContext cache statistics: [DefaultContextCache@5623fd90 size = 2, maxSize = 32, parentContextCount = 0, hitCount = 47, missCount = 2]
2023-03-18T13:52:51.038+09:00 DEBUG 85348 --- [    Test worker] c.e.f.i.TokenManagerImplTest             : access token: eyJ0eXAiOiJKV1QiLCJhbGciOiJIUzUxMiJ9.eyJzdWIiOiIxIiwicm9sZSI6IlVTRVIiLCJ1c2VyX2lkIjoxLCJleHAiOjE2NzkxMTU0NzEsImlhdCI6MTY3OTExNTE3MX0.Kd27O2R6TmINlVPAk2TdAgjzpKuGuvgnGiuss4cMj5bnXeAhVlBxJSbZDfnQvwz15M_MjnFbhwFXHJhpKeDhKQ
2023-03-18T13:52:51.045+09:00 DEBUG 85348 --- [    Test worker] org.springframework.test.context.cache   : Spring test ApplicationContext cache statistics: [DefaultContextCache@5623fd90 size = 2, maxSize = 32, parentContextCount = 0, hitCount = 48, missCount = 2]
2023-03-18T13:52:51.046+09:00 DEBUG 85348 --- [    Test worker] org.springframework.test.context.cache   : Spring test ApplicationContext cache statistics: [DefaultContextCache@5623fd90 size = 2, maxSize = 32, parentContextCount = 0, hitCount = 49, missCount = 2]
2023-03-18T13:52:51.046+09:00 DEBUG 85348 --- [    Test worker] org.springframework.test.context.cache   : Spring test ApplicationContext cache statistics: [DefaultContextCache@5623fd90 size = 2, maxSize = 32, parentContextCount = 0, hitCount = 50, missCount = 2]
2023-03-18T13:52:51.046+09:00 DEBUG 85348 --- [    Test worker] org.springframework.test.context.cache   : Spring test ApplicationContext cache statistics: [DefaultContextCache@5623fd90 size = 2, maxSize = 32, parentContextCount = 0, hitCount = 51, missCount = 2]
2023-03-18T13:52:51.046+09:00 DEBUG 85348 --- [    Test worker] org.springframework.test.context.cache   : Spring test ApplicationContext cache statistics: [DefaultContextCache@5623fd90 size = 2, maxSize = 32, parentContextCount = 0, hitCount = 52, missCount = 2]
2023-03-18T13:52:51.046+09:00 DEBUG 85348 --- [    Test worker] org.springframework.test.context.cache   : Spring test ApplicationContext cache statistics: [DefaultContextCache@5623fd90 size = 2, maxSize = 32, parentContextCount = 0, hitCount = 53, missCount = 2]
2023-03-18T13:52:51.047+09:00 DEBUG 85348 --- [    Test worker] org.springframework.test.context.cache   : Spring test ApplicationContext cache statistics: [DefaultContextCache@5623fd90 size = 2, maxSize = 32, parentContextCount = 0, hitCount = 54, missCount = 2]
2023-03-18T13:52:51.047+09:00 DEBUG 85348 --- [    Test worker] tractDirtiesContextTestExecutionListener : After test method: class [TokenManagerImplTest], method [verifyAccessToken], class annotated with @DirtiesContext [false] with mode [null], method annotated with @DirtiesContext [false] with mode [null]
2023-03-18T13:52:51.047+09:00 DEBUG 85348 --- [    Test worker] o.s.t.c.w.ServletTestExecutionListener   : Resetting RequestContextHolder for test class com.example.flowerplatform.integrationTest.TokenManagerImplTest
2023-03-18T13:52:51.047+09:00 DEBUG 85348 --- [    Test worker] org.springframework.test.context.cache   : Spring test ApplicationContext cache statistics: [DefaultContextCache@5623fd90 size = 2, maxSize = 32, parentContextCount = 0, hitCount = 55, missCount = 2]
2023-03-18T13:52:51.047+09:00 DEBUG 85348 --- [    Test worker] o.s.t.c.w.ServletTestExecutionListener   : Setting up MockHttpServletRequest, MockHttpServletResponse, ServletWebRequest, and RequestContextHolder for test class com.example.flowerplatform.integrationTest.TokenManagerImplTest
2023-03-18T13:52:51.048+09:00 DEBUG 85348 --- [    Test worker] org.springframework.test.context.cache   : Spring test ApplicationContext cache statistics: [DefaultContextCache@5623fd90 size = 2, maxSize = 32, parentContextCount = 0, hitCount = 56, missCount = 2]
2023-03-18T13:52:51.048+09:00 DEBUG 85348 --- [    Test worker] DependencyInjectionTestExecutionListener : Performing dependency injection for test class com.example.flowerplatform.integrationTest.TokenManagerImplTest
2023-03-18T13:52:51.048+09:00 DEBUG 85348 --- [    Test worker] org.springframework.test.context.cache   : Spring test ApplicationContext cache statistics: [DefaultContextCache@5623fd90 size = 2, maxSize = 32, parentContextCount = 0, hitCount = 57, missCount = 2]
2023-03-18T13:52:51.048+09:00 DEBUG 85348 --- [    Test worker] org.springframework.test.context.cache   : Spring test ApplicationContext cache statistics: [DefaultContextCache@5623fd90 size = 2, maxSize = 32, parentContextCount = 0, hitCount = 58, missCount = 2]
2023-03-18T13:52:51.049+09:00 DEBUG 85348 --- [    Test worker] tractDirtiesContextTestExecutionListener : Before test method: class [TokenManagerImplTest], method [createAccessToken], class annotated with @DirtiesContext [false] with mode [null], method annotated with @DirtiesContext [false] with mode [null]
2023-03-18T13:52:51.049+09:00 DEBUG 85348 --- [    Test worker] org.springframework.test.context.cache   : Spring test ApplicationContext cache statistics: [DefaultContextCache@5623fd90 size = 2, maxSize = 32, parentContextCount = 0, hitCount = 59, missCount = 2]
2023-03-18T13:52:51.049+09:00 DEBUG 85348 --- [    Test worker] org.springframework.test.context.cache   : Spring test ApplicationContext cache statistics: [DefaultContextCache@5623fd90 size = 2, maxSize = 32, parentContextCount = 0, hitCount = 60, missCount = 2]
2023-03-18T13:52:51.049+09:00 DEBUG 85348 --- [    Test worker] org.springframework.test.context.cache   : Spring test ApplicationContext cache statistics: [DefaultContextCache@5623fd90 size = 2, maxSize = 32, parentContextCount = 0, hitCount = 61, missCount = 2]
2023-03-18T13:52:51.050+09:00 DEBUG 85348 --- [    Test worker] c.e.f.i.TokenManagerImplTest             : access token: eyJ0eXAiOiJKV1QiLCJhbGciOiJIUzUxMiJ9.eyJzdWIiOiIxIiwicm9sZSI6IlVTRVIiLCJ1c2VyX2lkIjoxLCJleHAiOjE2NzkxMTU0NzEsImlhdCI6MTY3OTExNTE3MX0.Kd27O2R6TmINlVPAk2TdAgjzpKuGuvgnGiuss4cMj5bnXeAhVlBxJSbZDfnQvwz15M_MjnFbhwFXHJhpKeDhKQ
2023-03-18T13:52:51.050+09:00 DEBUG 85348 --- [    Test worker] org.springframework.test.context.cache   : Spring test ApplicationContext cache statistics: [DefaultContextCache@5623fd90 size = 2, maxSize = 32, parentContextCount = 0, hitCount = 62, missCount = 2]
2023-03-18T13:52:51.050+09:00 DEBUG 85348 --- [    Test worker] org.springframework.test.context.cache   : Spring test ApplicationContext cache statistics: [DefaultContextCache@5623fd90 size = 2, maxSize = 32, parentContextCount = 0, hitCount = 63, missCount = 2]
2023-03-18T13:52:51.050+09:00 DEBUG 85348 --- [    Test worker] org.springframework.test.context.cache   : Spring test ApplicationContext cache statistics: [DefaultContextCache@5623fd90 size = 2, maxSize = 32, parentContextCount = 0, hitCount = 64, missCount = 2]
2023-03-18T13:52:51.050+09:00 DEBUG 85348 --- [    Test worker] org.springframework.test.context.cache   : Spring test ApplicationContext cache statistics: [DefaultContextCache@5623fd90 size = 2, maxSize = 32, parentContextCount = 0, hitCount = 65, missCount = 2]
2023-03-18T13:52:51.050+09:00 DEBUG 85348 --- [    Test worker] org.springframework.test.context.cache   : Spring test ApplicationContext cache statistics: [DefaultContextCache@5623fd90 size = 2, maxSize = 32, parentContextCount = 0, hitCount = 66, missCount = 2]
2023-03-18T13:52:51.051+09:00 DEBUG 85348 --- [    Test worker] org.springframework.test.context.cache   : Spring test ApplicationContext cache statistics: [DefaultContextCache@5623fd90 size = 2, maxSize = 32, parentContextCount = 0, hitCount = 67, missCount = 2]
2023-03-18T13:52:51.051+09:00 DEBUG 85348 --- [    Test worker] org.springframework.test.context.cache   : Spring test ApplicationContext cache statistics: [DefaultContextCache@5623fd90 size = 2, maxSize = 32, parentContextCount = 0, hitCount = 68, missCount = 2]
2023-03-18T13:52:51.051+09:00 DEBUG 85348 --- [    Test worker] tractDirtiesContextTestExecutionListener : After test method: class [TokenManagerImplTest], method [createAccessToken], class annotated with @DirtiesContext [false] with mode [null], method annotated with @DirtiesContext [false] with mode [null]
2023-03-18T13:52:51.051+09:00 DEBUG 85348 --- [    Test worker] o.s.t.c.w.ServletTestExecutionListener   : Resetting RequestContextHolder for test class com.example.flowerplatform.integrationTest.TokenManagerImplTest
2023-03-18T13:52:51.051+09:00 DEBUG 85348 --- [    Test worker] org.springframework.test.context.cache   : Spring test ApplicationContext cache statistics: [DefaultContextCache@5623fd90 size = 2, maxSize = 32, parentContextCount = 0, hitCount = 69, missCount = 2]
2023-03-18T13:52:51.051+09:00 DEBUG 85348 --- [    Test worker] o.s.t.c.w.ServletTestExecutionListener   : Setting up MockHttpServletRequest, MockHttpServletResponse, ServletWebRequest, and RequestContextHolder for test class com.example.flowerplatform.integrationTest.TokenManagerImplTest
2023-03-18T13:52:51.051+09:00 DEBUG 85348 --- [    Test worker] org.springframework.test.context.cache   : Spring test ApplicationContext cache statistics: [DefaultContextCache@5623fd90 size = 2, maxSize = 32, parentContextCount = 0, hitCount = 70, missCount = 2]
2023-03-18T13:52:51.051+09:00 DEBUG 85348 --- [    Test worker] DependencyInjectionTestExecutionListener : Performing dependency injection for test class com.example.flowerplatform.integrationTest.TokenManagerImplTest
2023-03-18T13:52:51.051+09:00 DEBUG 85348 --- [    Test worker] org.springframework.test.context.cache   : Spring test ApplicationContext cache statistics: [DefaultContextCache@5623fd90 size = 2, maxSize = 32, parentContextCount = 0, hitCount = 71, missCount = 2]
2023-03-18T13:52:51.052+09:00 DEBUG 85348 --- [    Test worker] org.springframework.test.context.cache   : Spring test ApplicationContext cache statistics: [DefaultContextCache@5623fd90 size = 2, maxSize = 32, parentContextCount = 0, hitCount = 72, missCount = 2]
2023-03-18T13:52:51.052+09:00 DEBUG 85348 --- [    Test worker] tractDirtiesContextTestExecutionListener : Before test method: class [TokenManagerImplTest], method [createRefreshToken], class annotated with @DirtiesContext [false] with mode [null], method annotated with @DirtiesContext [false] with mode [null]
2023-03-18T13:52:51.052+09:00 DEBUG 85348 --- [    Test worker] org.springframework.test.context.cache   : Spring test ApplicationContext cache statistics: [DefaultContextCache@5623fd90 size = 2, maxSize = 32, parentContextCount = 0, hitCount = 73, missCount = 2]
2023-03-18T13:52:51.052+09:00 DEBUG 85348 --- [    Test worker] org.springframework.test.context.cache   : Spring test ApplicationContext cache statistics: [DefaultContextCache@5623fd90 size = 2, maxSize = 32, parentContextCount = 0, hitCount = 74, missCount = 2]
2023-03-18T13:52:51.053+09:00 DEBUG 85348 --- [    Test worker] org.springframework.test.context.cache   : Spring test ApplicationContext cache statistics: [DefaultContextCache@5623fd90 size = 2, maxSize = 32, parentContextCount = 0, hitCount = 75, missCount = 2]
2023-03-18T13:52:51.063+09:00 DEBUG 85348 --- [    Test worker] c.e.f.u.t.i.t.JwtRefreshTokenWorker      : saved session in db: Session(sessionId=1, expiresAt=Sat Mar 18 13:57:51 KST 2023, userId=1, refreshToken=null)
2023-03-18T13:52:51.063+09:00 DEBUG 85348 --- [    Test worker] c.e.f.i.TokenManagerImplTest             : refresh token: eyJ0eXAiOiJKV1QiLCJhbGciOiJIUzUxMiJ9.eyJzdWIiOiIxIiwicm9sZSI6IlVTRVIiLCJ1c2VyX2lkIjoxLCJzZXNzaW9uX2lkIjoxLCJleHAiOjE2NzkxMTU0NzEsImlhdCI6MTY3OTExNTE3MX0.KcummL7h3mCGmhRALRQnddtfUMJfwO_zXJcpyxXt-o_6lxqEJtbszwzDOM0mP9c1fkyj-EIcOF9ZrNTXgpo8LQ
2023-03-18T13:52:51.067+09:00 DEBUG 85348 --- [    Test worker] org.springframework.test.context.cache   : Spring test ApplicationContext cache statistics: [DefaultContextCache@5623fd90 size = 2, maxSize = 32, parentContextCount = 0, hitCount = 76, missCount = 2]
2023-03-18T13:52:51.067+09:00 DEBUG 85348 --- [    Test worker] org.springframework.test.context.cache   : Spring test ApplicationContext cache statistics: [DefaultContextCache@5623fd90 size = 2, maxSize = 32, parentContextCount = 0, hitCount = 77, missCount = 2]
2023-03-18T13:52:51.067+09:00 DEBUG 85348 --- [    Test worker] org.springframework.test.context.cache   : Spring test ApplicationContext cache statistics: [DefaultContextCache@5623fd90 size = 2, maxSize = 32, parentContextCount = 0, hitCount = 78, missCount = 2]
2023-03-18T13:52:51.067+09:00 DEBUG 85348 --- [    Test worker] org.springframework.test.context.cache   : Spring test ApplicationContext cache statistics: [DefaultContextCache@5623fd90 size = 2, maxSize = 32, parentContextCount = 0, hitCount = 79, missCount = 2]
2023-03-18T13:52:51.067+09:00 DEBUG 85348 --- [    Test worker] org.springframework.test.context.cache   : Spring test ApplicationContext cache statistics: [DefaultContextCache@5623fd90 size = 2, maxSize = 32, parentContextCount = 0, hitCount = 80, missCount = 2]
2023-03-18T13:52:51.067+09:00 DEBUG 85348 --- [    Test worker] org.springframework.test.context.cache   : Spring test ApplicationContext cache statistics: [DefaultContextCache@5623fd90 size = 2, maxSize = 32, parentContextCount = 0, hitCount = 81, missCount = 2]
2023-03-18T13:52:51.067+09:00 DEBUG 85348 --- [    Test worker] org.springframework.test.context.cache   : Spring test ApplicationContext cache statistics: [DefaultContextCache@5623fd90 size = 2, maxSize = 32, parentContextCount = 0, hitCount = 82, missCount = 2]
2023-03-18T13:52:51.068+09:00 DEBUG 85348 --- [    Test worker] tractDirtiesContextTestExecutionListener : After test method: class [TokenManagerImplTest], method [createRefreshToken], class annotated with @DirtiesContext [false] with mode [null], method annotated with @DirtiesContext [false] with mode [null]
2023-03-18T13:52:51.068+09:00 DEBUG 85348 --- [    Test worker] o.s.t.c.w.ServletTestExecutionListener   : Resetting RequestContextHolder for test class com.example.flowerplatform.integrationTest.TokenManagerImplTest
2023-03-18T13:52:51.068+09:00 DEBUG 85348 --- [    Test worker] org.springframework.test.context.cache   : Spring test ApplicationContext cache statistics: [DefaultContextCache@5623fd90 size = 2, maxSize = 32, parentContextCount = 0, hitCount = 83, missCount = 2]
2023-03-18T13:52:51.068+09:00 DEBUG 85348 --- [    Test worker] o.s.t.c.w.ServletTestExecutionListener   : Setting up MockHttpServletRequest, MockHttpServletResponse, ServletWebRequest, and RequestContextHolder for test class com.example.flowerplatform.integrationTest.TokenManagerImplTest
2023-03-18T13:52:51.068+09:00 DEBUG 85348 --- [    Test worker] org.springframework.test.context.cache   : Spring test ApplicationContext cache statistics: [DefaultContextCache@5623fd90 size = 2, maxSize = 32, parentContextCount = 0, hitCount = 84, missCount = 2]
2023-03-18T13:52:51.068+09:00 DEBUG 85348 --- [    Test worker] DependencyInjectionTestExecutionListener : Performing dependency injection for test class com.example.flowerplatform.integrationTest.TokenManagerImplTest
2023-03-18T13:52:51.068+09:00 DEBUG 85348 --- [    Test worker] org.springframework.test.context.cache   : Spring test ApplicationContext cache statistics: [DefaultContextCache@5623fd90 size = 2, maxSize = 32, parentContextCount = 0, hitCount = 85, missCount = 2]
2023-03-18T13:52:51.068+09:00 DEBUG 85348 --- [    Test worker] org.springframework.test.context.cache   : Spring test ApplicationContext cache statistics: [DefaultContextCache@5623fd90 size = 2, maxSize = 32, parentContextCount = 0, hitCount = 86, missCount = 2]
2023-03-18T13:52:51.069+09:00 DEBUG 85348 --- [    Test worker] tractDirtiesContextTestExecutionListener : Before test method: class [TokenManagerImplTest], method [verifyRefreshToken], class annotated with @DirtiesContext [false] with mode [null], method annotated with @DirtiesContext [false] with mode [null]
2023-03-18T13:52:51.069+09:00 DEBUG 85348 --- [    Test worker] org.springframework.test.context.cache   : Spring test ApplicationContext cache statistics: [DefaultContextCache@5623fd90 size = 2, maxSize = 32, parentContextCount = 0, hitCount = 87, missCount = 2]
2023-03-18T13:52:51.069+09:00 DEBUG 85348 --- [    Test worker] org.springframework.test.context.cache   : Spring test ApplicationContext cache statistics: [DefaultContextCache@5623fd90 size = 2, maxSize = 32, parentContextCount = 0, hitCount = 88, missCount = 2]
2023-03-18T13:52:51.070+09:00 DEBUG 85348 --- [    Test worker] org.springframework.test.context.cache   : Spring test ApplicationContext cache statistics: [DefaultContextCache@5623fd90 size = 2, maxSize = 32, parentContextCount = 0, hitCount = 89, missCount = 2]
2023-03-18T13:52:51.071+09:00 DEBUG 85348 --- [    Test worker] c.e.f.u.t.i.t.JwtRefreshTokenWorker      : saved session in db: Session(sessionId=1, expiresAt=Sat Mar 18 13:57:51 KST 2023, userId=1, refreshToken=null)
2023-03-18T13:52:51.071+09:00 DEBUG 85348 --- [    Test worker] org.springframework.test.context.cache   : Spring test ApplicationContext cache statistics: [DefaultContextCache@5623fd90 size = 2, maxSize = 32, parentContextCount = 0, hitCount = 90, missCount = 2]
2023-03-18T13:52:51.072+09:00 DEBUG 85348 --- [    Test worker] org.springframework.test.context.cache   : Spring test ApplicationContext cache statistics: [DefaultContextCache@5623fd90 size = 2, maxSize = 32, parentContextCount = 0, hitCount = 91, missCount = 2]
2023-03-18T13:52:51.072+09:00 DEBUG 85348 --- [    Test worker] org.springframework.test.context.cache   : Spring test ApplicationContext cache statistics: [DefaultContextCache@5623fd90 size = 2, maxSize = 32, parentContextCount = 0, hitCount = 92, missCount = 2]
2023-03-18T13:52:51.072+09:00 DEBUG 85348 --- [    Test worker] org.springframework.test.context.cache   : Spring test ApplicationContext cache statistics: [DefaultContextCache@5623fd90 size = 2, maxSize = 32, parentContextCount = 0, hitCount = 93, missCount = 2]
2023-03-18T13:52:51.072+09:00 DEBUG 85348 --- [    Test worker] org.springframework.test.context.cache   : Spring test ApplicationContext cache statistics: [DefaultContextCache@5623fd90 size = 2, maxSize = 32, parentContextCount = 0, hitCount = 94, missCount = 2]
2023-03-18T13:52:51.072+09:00 DEBUG 85348 --- [    Test worker] org.springframework.test.context.cache   : Spring test ApplicationContext cache statistics: [DefaultContextCache@5623fd90 size = 2, maxSize = 32, parentContextCount = 0, hitCount = 95, missCount = 2]
2023-03-18T13:52:51.072+09:00 DEBUG 85348 --- [    Test worker] org.springframework.test.context.cache   : Spring test ApplicationContext cache statistics: [DefaultContextCache@5623fd90 size = 2, maxSize = 32, parentContextCount = 0, hitCount = 96, missCount = 2]
2023-03-18T13:52:51.072+09:00 DEBUG 85348 --- [    Test worker] tractDirtiesContextTestExecutionListener : After test method: class [TokenManagerImplTest], method [verifyRefreshToken], class annotated with @DirtiesContext [false] with mode [null], method annotated with @DirtiesContext [false] with mode [null]
2023-03-18T13:52:51.072+09:00 DEBUG 85348 --- [    Test worker] o.s.t.c.w.ServletTestExecutionListener   : Resetting RequestContextHolder for test class com.example.flowerplatform.integrationTest.TokenManagerImplTest
2023-03-18T13:52:51.073+09:00 DEBUG 85348 --- [    Test worker] org.springframework.test.context.cache   : Spring test ApplicationContext cache statistics: [DefaultContextCache@5623fd90 size = 2, maxSize = 32, parentContextCount = 0, hitCount = 97, missCount = 2]
2023-03-18T13:52:51.073+09:00 DEBUG 85348 --- [    Test worker] tractDirtiesContextTestExecutionListener : After test class: class [TokenManagerImplTest], class annotated with @DirtiesContext [false] with mode [null]
]]></system-out>
  <system-err><![CDATA[]]></system-err>
</testsuite>
