<?xml version="1.0" encoding="UTF-8"?>
<testsuite name="com.example.flowerplatform.unitTest.JwtRefreshTokenWorkerTest" tests="5" skipped="0" failures="0" errors="0" timestamp="2023-03-18T04:52:51" hostname="jeongsang-won-ui-MacBookAir.local" time="0.015">
  <properties/>
  <testcase name="testVerifyAccessToken()" classname="com.example.flowerplatform.unitTest.JwtRefreshTokenWorkerTest" time="0.002"/>
  <testcase name="testVerifyExpiredAccessToken()" classname="com.example.flowerplatform.unitTest.JwtRefreshTokenWorkerTest" time="0.003"/>
  <testcase name="testReadExpiredAccessToken()" classname="com.example.flowerplatform.unitTest.JwtRefreshTokenWorkerTest" time="0.002"/>
  <testcase name="testCreateJwtRefreshTokenWorker()" classname="com.example.flowerplatform.unitTest.JwtRefreshTokenWorkerTest" time="0.002"/>
  <testcase name="testVerifyJwtRefreshToken()" classname="com.example.flowerplatform.unitTest.JwtRefreshTokenWorkerTest" time="0.002"/>
  <system-out><![CDATA[2023-03-18T13:52:51.871+09:00 DEBUG 85348 --- [    Test worker] .b.t.c.SpringBootTestContextBootstrapper : Neither @ContextConfiguration nor @ContextHierarchy found for test class [JwtRefreshTokenWorkerTest]: using SpringBootContextLoader
2023-03-18T13:52:51.872+09:00 DEBUG 85348 --- [    Test worker] o.s.t.c.support.AbstractContextLoader    : Could not detect default resource locations for test class [com.example.flowerplatform.unitTest.JwtRefreshTokenWorkerTest]: no resource found for suffixes {-context.xml, Context.groovy}.
2023-03-18T13:52:51.872+09:00 DEBUG 85348 --- [    Test worker] .b.t.c.SpringBootTestContextBootstrapper : Using ContextCustomizers for test class [JwtRefreshTokenWorkerTest]: [DisableObservabilityContextCustomizer, PropertyMappingContextCustomizer, Customizer, ExcludeFilterContextCustomizer, DuplicateJsonObjectContextCustomizer, MockitoContextCustomizer, TestRestTemplateContextCustomizer]
2023-03-18T13:52:51.873+09:00 DEBUG 85348 --- [    Test worker] .b.t.c.SpringBootTestContextBootstrapper : Using TestExecutionListeners for test class [JwtRefreshTokenWorkerTest]: [ServletTestExecutionListener, DirtiesContextBeforeModesTestExecutionListener, ApplicationEventsTestExecutionListener, MockitoTestExecutionListener, DependencyInjectionTestExecutionListener, DirtiesContextTestExecutionListener, TransactionalTestExecutionListener, SqlScriptsTestExecutionListener, WithSecurityContextTestExecutionListener, EventPublishingTestExecutionListener, ReactorContextTestExecutionListener, RestDocsTestExecutionListener, MockRestServiceServerResetTestExecutionListener, MockMvcPrintOnlyOnFailureTestExecutionListener, WebDriverTestExecutionListener, MockWebServiceServerTestExecutionListener, ResetMocksTestExecutionListener]
2023-03-18T13:52:51.873+09:00 DEBUG 85348 --- [    Test worker] tractDirtiesContextTestExecutionListener : Before test class: class [JwtRefreshTokenWorkerTest], class annotated with @DirtiesContext [false] with mode [null]
2023-03-18T13:52:51.880+09:00 DEBUG 85348 --- [    Test worker] .s.b.w.s.c.ApplicationServletEnvironment : Activating profiles [dev]

  .   ____          _            __ _ _
 /\\ / ___'_ __ _ _(_)_ __  __ _ \ \ \ \
( ( )\___ | '_ | '_| | '_ \/ _` | \ \ \ \
 \\/  ___)| |_)| | | | | || (_| |  ) ) ) )
  '  |____| .__|_| |_|_| |_\__, | / / / /
 =========|_|==============|___/=/_/_/_/
 :: Spring Boot ::                (v3.0.3)

2023-03-18T13:52:51.882+09:00  INFO 85348 --- [    Test worker] c.e.f.u.JwtRefreshTokenWorkerTest        : Starting JwtRefreshTokenWorkerTest using Java 19.0.2 with PID 85348 (started by jeongsang-won in /Users/jeongsang-won/Documents/flower-startup/development/spring)
2023-03-18T13:52:51.882+09:00 DEBUG 85348 --- [    Test worker] c.e.f.u.JwtRefreshTokenWorkerTest        : Running with Spring Boot v3.0.3, Spring v6.0.5
2023-03-18T13:52:51.882+09:00  INFO 85348 --- [    Test worker] c.e.f.u.JwtRefreshTokenWorkerTest        : The following 1 profile is active: "dev"
2023-03-18T13:52:51.882+09:00 DEBUG 85348 --- [    Test worker] o.s.boot.SpringApplication               : Loading source class com.example.flowerplatform.util.tokenManager.implementations.tokenWorkers.JwtRefreshTokenWorker
2023-03-18T13:52:51.883+09:00 DEBUG 85348 --- [    Test worker] o.s.w.c.s.GenericWebApplicationContext   : Refreshing org.springframework.web.context.support.GenericWebApplicationContext@56912047
2023-03-18T13:52:51.883+09:00 DEBUG 85348 --- [    Test worker] o.s.b.f.s.DefaultListableBeanFactory     : Creating shared instance of singleton bean 'org.springframework.context.annotation.internalConfigurationAnnotationProcessor'
2023-03-18T13:52:51.884+09:00 DEBUG 85348 --- [    Test worker] o.s.b.f.s.DefaultListableBeanFactory     : Creating shared instance of singleton bean 'org.springframework.boot.autoconfigure.internalCachingMetadataReaderFactory'
2023-03-18T13:52:51.885+09:00 DEBUG 85348 --- [    Test worker] o.s.b.f.s.DefaultListableBeanFactory     : Creating shared instance of singleton bean 'org.springframework.boot.test.mock.mockito.MockitoPostProcessor'
2023-03-18T13:52:51.885+09:00 DEBUG 85348 --- [    Test worker] o.s.b.f.s.DefaultListableBeanFactory     : Creating shared instance of singleton bean 'org.springframework.context.event.internalEventListenerProcessor'
2023-03-18T13:52:51.885+09:00 DEBUG 85348 --- [    Test worker] o.s.b.f.s.DefaultListableBeanFactory     : Creating shared instance of singleton bean 'org.springframework.context.event.internalEventListenerFactory'
2023-03-18T13:52:51.885+09:00 DEBUG 85348 --- [    Test worker] o.s.b.f.s.DefaultListableBeanFactory     : Creating shared instance of singleton bean 'org.springframework.boot.test.mock.mockito.MockitoPostProcessor$SpyPostProcessor'
2023-03-18T13:52:51.885+09:00 DEBUG 85348 --- [    Test worker] o.s.b.f.s.DefaultListableBeanFactory     : Creating shared instance of singleton bean 'org.springframework.context.annotation.internalAutowiredAnnotationProcessor'
2023-03-18T13:52:51.886+09:00 DEBUG 85348 --- [    Test worker] o.s.b.f.s.DefaultListableBeanFactory     : Creating shared instance of singleton bean 'org.springframework.context.annotation.internalCommonAnnotationProcessor'
2023-03-18T13:52:51.886+09:00 DEBUG 85348 --- [    Test worker] o.s.b.f.s.DefaultListableBeanFactory     : Creating shared instance of singleton bean 'org.springframework.context.annotation.internalPersistenceAnnotationProcessor'
2023-03-18T13:52:51.886+09:00 DEBUG 85348 --- [    Test worker] o.s.u.c.s.UiApplicationContextUtils      : Unable to locate ThemeSource with name 'themeSource': using default [org.springframework.ui.context.support.ResourceBundleThemeSource@1bbf750]
2023-03-18T13:52:51.886+09:00 DEBUG 85348 --- [    Test worker] o.s.b.f.s.DefaultListableBeanFactory     : Creating shared instance of singleton bean 'jwtRefreshTokenWorker'
2023-03-18T13:52:51.886+09:00 DEBUG 85348 --- [    Test worker] o.s.b.f.s.DefaultListableBeanFactory     : Autowiring by type from bean name 'jwtRefreshTokenWorker' via constructor to bean named 'com.example.flowerplatform.repository.SessionRepository#0'
2023-03-18T13:52:51.886+09:00 DEBUG 85348 --- [    Test worker] ySourcesPropertyResolver$DefaultResolver : Found key 'jwt.token.secretKey.primary' in PropertySource 'Config resource 'class path resource [application-dev.properties]' via location 'optional:classpath:/'' with value of type String
2023-03-18T13:52:51.886+09:00 DEBUG 85348 --- [    Test worker] ySourcesPropertyResolver$DefaultResolver : Found key 'jwt.token.secretKey.secondary' in PropertySource 'Config resource 'class path resource [application-dev.properties]' via location 'optional:classpath:/'' with value of type String
2023-03-18T13:52:51.887+09:00 DEBUG 85348 --- [    Test worker] o.s.c.support.DefaultLifecycleProcessor  : Starting beans in phase -2147483647
2023-03-18T13:52:51.887+09:00 DEBUG 85348 --- [    Test worker] o.s.c.support.DefaultLifecycleProcessor  : Successfully started bean 'springBootLoggingLifecycle'
2023-03-18T13:52:51.887+09:00  INFO 85348 --- [    Test worker] c.e.f.u.JwtRefreshTokenWorkerTest        : Started JwtRefreshTokenWorkerTest in 0.013 seconds (process running for 4.342)
2023-03-18T13:52:51.887+09:00 DEBUG 85348 --- [    Test worker] org.springframework.test.context.cache   : Spring test ApplicationContext cache statistics: [DefaultContextCache@5623fd90 size = 5, maxSize = 32, parentContextCount = 0, hitCount = 374, missCount = 5]
2023-03-18T13:52:51.887+09:00 DEBUG 85348 --- [    Test worker] o.s.t.c.w.ServletTestExecutionListener   : Setting up MockHttpServletRequest, MockHttpServletResponse, ServletWebRequest, and RequestContextHolder for test class com.example.flowerplatform.unitTest.JwtRefreshTokenWorkerTest
2023-03-18T13:52:51.888+09:00 DEBUG 85348 --- [    Test worker] org.springframework.test.context.cache   : Spring test ApplicationContext cache statistics: [DefaultContextCache@5623fd90 size = 5, maxSize = 32, parentContextCount = 0, hitCount = 375, missCount = 5]
2023-03-18T13:52:51.888+09:00 DEBUG 85348 --- [    Test worker] DependencyInjectionTestExecutionListener : Performing dependency injection for test class com.example.flowerplatform.unitTest.JwtRefreshTokenWorkerTest
2023-03-18T13:52:51.888+09:00 DEBUG 85348 --- [    Test worker] org.springframework.test.context.cache   : Spring test ApplicationContext cache statistics: [DefaultContextCache@5623fd90 size = 5, maxSize = 32, parentContextCount = 0, hitCount = 376, missCount = 5]
2023-03-18T13:52:51.888+09:00 DEBUG 85348 --- [    Test worker] org.springframework.test.context.cache   : Spring test ApplicationContext cache statistics: [DefaultContextCache@5623fd90 size = 5, maxSize = 32, parentContextCount = 0, hitCount = 377, missCount = 5]
2023-03-18T13:52:51.889+09:00 DEBUG 85348 --- [    Test worker] tractDirtiesContextTestExecutionListener : Before test method: class [JwtRefreshTokenWorkerTest], method [testVerifyAccessToken], class annotated with @DirtiesContext [false] with mode [null], method annotated with @DirtiesContext [false] with mode [null]
2023-03-18T13:52:51.889+09:00 DEBUG 85348 --- [    Test worker] org.springframework.test.context.cache   : Spring test ApplicationContext cache statistics: [DefaultContextCache@5623fd90 size = 5, maxSize = 32, parentContextCount = 0, hitCount = 378, missCount = 5]
2023-03-18T13:52:51.889+09:00 DEBUG 85348 --- [    Test worker] org.springframework.test.context.cache   : Spring test ApplicationContext cache statistics: [DefaultContextCache@5623fd90 size = 5, maxSize = 32, parentContextCount = 0, hitCount = 379, missCount = 5]
2023-03-18T13:52:51.889+09:00 DEBUG 85348 --- [    Test worker] org.springframework.test.context.cache   : Spring test ApplicationContext cache statistics: [DefaultContextCache@5623fd90 size = 5, maxSize = 32, parentContextCount = 0, hitCount = 380, missCount = 5]
2023-03-18T13:52:51.890+09:00 DEBUG 85348 --- [    Test worker] org.springframework.test.context.cache   : Spring test ApplicationContext cache statistics: [DefaultContextCache@5623fd90 size = 5, maxSize = 32, parentContextCount = 0, hitCount = 381, missCount = 5]
2023-03-18T13:52:51.890+09:00 DEBUG 85348 --- [    Test worker] org.springframework.test.context.cache   : Spring test ApplicationContext cache statistics: [DefaultContextCache@5623fd90 size = 5, maxSize = 32, parentContextCount = 0, hitCount = 382, missCount = 5]
2023-03-18T13:52:51.890+09:00 DEBUG 85348 --- [    Test worker] org.springframework.test.context.cache   : Spring test ApplicationContext cache statistics: [DefaultContextCache@5623fd90 size = 5, maxSize = 32, parentContextCount = 0, hitCount = 383, missCount = 5]
2023-03-18T13:52:51.890+09:00 DEBUG 85348 --- [    Test worker] org.springframework.test.context.cache   : Spring test ApplicationContext cache statistics: [DefaultContextCache@5623fd90 size = 5, maxSize = 32, parentContextCount = 0, hitCount = 384, missCount = 5]
2023-03-18T13:52:51.890+09:00 DEBUG 85348 --- [    Test worker] org.springframework.test.context.cache   : Spring test ApplicationContext cache statistics: [DefaultContextCache@5623fd90 size = 5, maxSize = 32, parentContextCount = 0, hitCount = 385, missCount = 5]
2023-03-18T13:52:51.890+09:00 DEBUG 85348 --- [    Test worker] org.springframework.test.context.cache   : Spring test ApplicationContext cache statistics: [DefaultContextCache@5623fd90 size = 5, maxSize = 32, parentContextCount = 0, hitCount = 386, missCount = 5]
2023-03-18T13:52:51.890+09:00 DEBUG 85348 --- [    Test worker] org.springframework.test.context.cache   : Spring test ApplicationContext cache statistics: [DefaultContextCache@5623fd90 size = 5, maxSize = 32, parentContextCount = 0, hitCount = 387, missCount = 5]
2023-03-18T13:52:51.890+09:00 DEBUG 85348 --- [    Test worker] tractDirtiesContextTestExecutionListener : After test method: class [JwtRefreshTokenWorkerTest], method [testVerifyAccessToken], class annotated with @DirtiesContext [false] with mode [null], method annotated with @DirtiesContext [false] with mode [null]
2023-03-18T13:52:51.890+09:00 DEBUG 85348 --- [    Test worker] o.s.t.c.w.ServletTestExecutionListener   : Resetting RequestContextHolder for test class com.example.flowerplatform.unitTest.JwtRefreshTokenWorkerTest
2023-03-18T13:52:51.891+09:00 DEBUG 85348 --- [    Test worker] org.springframework.test.context.cache   : Spring test ApplicationContext cache statistics: [DefaultContextCache@5623fd90 size = 5, maxSize = 32, parentContextCount = 0, hitCount = 388, missCount = 5]
2023-03-18T13:52:51.891+09:00 DEBUG 85348 --- [    Test worker] o.s.t.c.w.ServletTestExecutionListener   : Setting up MockHttpServletRequest, MockHttpServletResponse, ServletWebRequest, and RequestContextHolder for test class com.example.flowerplatform.unitTest.JwtRefreshTokenWorkerTest
2023-03-18T13:52:51.891+09:00 DEBUG 85348 --- [    Test worker] org.springframework.test.context.cache   : Spring test ApplicationContext cache statistics: [DefaultContextCache@5623fd90 size = 5, maxSize = 32, parentContextCount = 0, hitCount = 389, missCount = 5]
2023-03-18T13:52:51.891+09:00 DEBUG 85348 --- [    Test worker] DependencyInjectionTestExecutionListener : Performing dependency injection for test class com.example.flowerplatform.unitTest.JwtRefreshTokenWorkerTest
2023-03-18T13:52:51.891+09:00 DEBUG 85348 --- [    Test worker] org.springframework.test.context.cache   : Spring test ApplicationContext cache statistics: [DefaultContextCache@5623fd90 size = 5, maxSize = 32, parentContextCount = 0, hitCount = 390, missCount = 5]
2023-03-18T13:52:51.891+09:00 DEBUG 85348 --- [    Test worker] org.springframework.test.context.cache   : Spring test ApplicationContext cache statistics: [DefaultContextCache@5623fd90 size = 5, maxSize = 32, parentContextCount = 0, hitCount = 391, missCount = 5]
2023-03-18T13:52:51.892+09:00 DEBUG 85348 --- [    Test worker] tractDirtiesContextTestExecutionListener : Before test method: class [JwtRefreshTokenWorkerTest], method [testVerifyExpiredAccessToken], class annotated with @DirtiesContext [false] with mode [null], method annotated with @DirtiesContext [false] with mode [null]
2023-03-18T13:52:51.892+09:00 DEBUG 85348 --- [    Test worker] org.springframework.test.context.cache   : Spring test ApplicationContext cache statistics: [DefaultContextCache@5623fd90 size = 5, maxSize = 32, parentContextCount = 0, hitCount = 392, missCount = 5]
2023-03-18T13:52:51.892+09:00 DEBUG 85348 --- [    Test worker] org.springframework.test.context.cache   : Spring test ApplicationContext cache statistics: [DefaultContextCache@5623fd90 size = 5, maxSize = 32, parentContextCount = 0, hitCount = 393, missCount = 5]
2023-03-18T13:52:51.892+09:00 DEBUG 85348 --- [    Test worker] org.springframework.test.context.cache   : Spring test ApplicationContext cache statistics: [DefaultContextCache@5623fd90 size = 5, maxSize = 32, parentContextCount = 0, hitCount = 394, missCount = 5]
2023-03-18T13:52:51.893+09:00 DEBUG 85348 --- [    Test worker] c.e.f.u.t.i.t.JwtRefreshTokenWorker      : saved session in db: Session(sessionId=1, expiresAt=null, userId=1, refreshToken=null)
2023-03-18T13:52:51.894+09:00 DEBUG 85348 --- [    Test worker] c.e.f.u.t.i.t.JwtRefreshTokenWorker      : jwt verification with primary key failed! it will try the secondary key!
2023-03-18T13:52:51.894+09:00 DEBUG 85348 --- [    Test worker] org.springframework.test.context.cache   : Spring test ApplicationContext cache statistics: [DefaultContextCache@5623fd90 size = 5, maxSize = 32, parentContextCount = 0, hitCount = 395, missCount = 5]
2023-03-18T13:52:51.894+09:00 DEBUG 85348 --- [    Test worker] org.springframework.test.context.cache   : Spring test ApplicationContext cache statistics: [DefaultContextCache@5623fd90 size = 5, maxSize = 32, parentContextCount = 0, hitCount = 396, missCount = 5]
2023-03-18T13:52:51.894+09:00 DEBUG 85348 --- [    Test worker] org.springframework.test.context.cache   : Spring test ApplicationContext cache statistics: [DefaultContextCache@5623fd90 size = 5, maxSize = 32, parentContextCount = 0, hitCount = 397, missCount = 5]
2023-03-18T13:52:51.895+09:00 DEBUG 85348 --- [    Test worker] org.springframework.test.context.cache   : Spring test ApplicationContext cache statistics: [DefaultContextCache@5623fd90 size = 5, maxSize = 32, parentContextCount = 0, hitCount = 398, missCount = 5]
2023-03-18T13:52:51.895+09:00 DEBUG 85348 --- [    Test worker] org.springframework.test.context.cache   : Spring test ApplicationContext cache statistics: [DefaultContextCache@5623fd90 size = 5, maxSize = 32, parentContextCount = 0, hitCount = 399, missCount = 5]
2023-03-18T13:52:51.895+09:00 DEBUG 85348 --- [    Test worker] org.springframework.test.context.cache   : Spring test ApplicationContext cache statistics: [DefaultContextCache@5623fd90 size = 5, maxSize = 32, parentContextCount = 0, hitCount = 400, missCount = 5]
2023-03-18T13:52:51.895+09:00 DEBUG 85348 --- [    Test worker] org.springframework.test.context.cache   : Spring test ApplicationContext cache statistics: [DefaultContextCache@5623fd90 size = 5, maxSize = 32, parentContextCount = 0, hitCount = 401, missCount = 5]
2023-03-18T13:52:51.895+09:00 DEBUG 85348 --- [    Test worker] tractDirtiesContextTestExecutionListener : After test method: class [JwtRefreshTokenWorkerTest], method [testVerifyExpiredAccessToken], class annotated with @DirtiesContext [false] with mode [null], method annotated with @DirtiesContext [false] with mode [null]
2023-03-18T13:52:51.895+09:00 DEBUG 85348 --- [    Test worker] o.s.t.c.w.ServletTestExecutionListener   : Resetting RequestContextHolder for test class com.example.flowerplatform.unitTest.JwtRefreshTokenWorkerTest
2023-03-18T13:52:51.895+09:00 DEBUG 85348 --- [    Test worker] org.springframework.test.context.cache   : Spring test ApplicationContext cache statistics: [DefaultContextCache@5623fd90 size = 5, maxSize = 32, parentContextCount = 0, hitCount = 402, missCount = 5]
2023-03-18T13:52:51.895+09:00 DEBUG 85348 --- [    Test worker] o.s.t.c.w.ServletTestExecutionListener   : Setting up MockHttpServletRequest, MockHttpServletResponse, ServletWebRequest, and RequestContextHolder for test class com.example.flowerplatform.unitTest.JwtRefreshTokenWorkerTest
2023-03-18T13:52:51.895+09:00 DEBUG 85348 --- [    Test worker] org.springframework.test.context.cache   : Spring test ApplicationContext cache statistics: [DefaultContextCache@5623fd90 size = 5, maxSize = 32, parentContextCount = 0, hitCount = 403, missCount = 5]
2023-03-18T13:52:51.895+09:00 DEBUG 85348 --- [    Test worker] DependencyInjectionTestExecutionListener : Performing dependency injection for test class com.example.flowerplatform.unitTest.JwtRefreshTokenWorkerTest
2023-03-18T13:52:51.895+09:00 DEBUG 85348 --- [    Test worker] org.springframework.test.context.cache   : Spring test ApplicationContext cache statistics: [DefaultContextCache@5623fd90 size = 5, maxSize = 32, parentContextCount = 0, hitCount = 404, missCount = 5]
2023-03-18T13:52:51.895+09:00 DEBUG 85348 --- [    Test worker] org.springframework.test.context.cache   : Spring test ApplicationContext cache statistics: [DefaultContextCache@5623fd90 size = 5, maxSize = 32, parentContextCount = 0, hitCount = 405, missCount = 5]
2023-03-18T13:52:51.896+09:00 DEBUG 85348 --- [    Test worker] tractDirtiesContextTestExecutionListener : Before test method: class [JwtRefreshTokenWorkerTest], method [testReadExpiredAccessToken], class annotated with @DirtiesContext [false] with mode [null], method annotated with @DirtiesContext [false] with mode [null]
2023-03-18T13:52:51.896+09:00 DEBUG 85348 --- [    Test worker] org.springframework.test.context.cache   : Spring test ApplicationContext cache statistics: [DefaultContextCache@5623fd90 size = 5, maxSize = 32, parentContextCount = 0, hitCount = 406, missCount = 5]
2023-03-18T13:52:51.896+09:00 DEBUG 85348 --- [    Test worker] org.springframework.test.context.cache   : Spring test ApplicationContext cache statistics: [DefaultContextCache@5623fd90 size = 5, maxSize = 32, parentContextCount = 0, hitCount = 407, missCount = 5]
2023-03-18T13:52:51.896+09:00 DEBUG 85348 --- [    Test worker] org.springframework.test.context.cache   : Spring test ApplicationContext cache statistics: [DefaultContextCache@5623fd90 size = 5, maxSize = 32, parentContextCount = 0, hitCount = 408, missCount = 5]
2023-03-18T13:52:51.897+09:00 DEBUG 85348 --- [    Test worker] c.e.f.u.t.i.t.JwtRefreshTokenWorker      : saved session in db: Session(sessionId=1, expiresAt=null, userId=1, refreshToken=null)
2023-03-18T13:52:51.897+09:00 DEBUG 85348 --- [    Test worker] org.springframework.test.context.cache   : Spring test ApplicationContext cache statistics: [DefaultContextCache@5623fd90 size = 5, maxSize = 32, parentContextCount = 0, hitCount = 409, missCount = 5]
2023-03-18T13:52:51.897+09:00 DEBUG 85348 --- [    Test worker] org.springframework.test.context.cache   : Spring test ApplicationContext cache statistics: [DefaultContextCache@5623fd90 size = 5, maxSize = 32, parentContextCount = 0, hitCount = 410, missCount = 5]
2023-03-18T13:52:51.898+09:00 DEBUG 85348 --- [    Test worker] org.springframework.test.context.cache   : Spring test ApplicationContext cache statistics: [DefaultContextCache@5623fd90 size = 5, maxSize = 32, parentContextCount = 0, hitCount = 411, missCount = 5]
2023-03-18T13:52:51.898+09:00 DEBUG 85348 --- [    Test worker] org.springframework.test.context.cache   : Spring test ApplicationContext cache statistics: [DefaultContextCache@5623fd90 size = 5, maxSize = 32, parentContextCount = 0, hitCount = 412, missCount = 5]
2023-03-18T13:52:51.898+09:00 DEBUG 85348 --- [    Test worker] org.springframework.test.context.cache   : Spring test ApplicationContext cache statistics: [DefaultContextCache@5623fd90 size = 5, maxSize = 32, parentContextCount = 0, hitCount = 413, missCount = 5]
2023-03-18T13:52:51.898+09:00 DEBUG 85348 --- [    Test worker] org.springframework.test.context.cache   : Spring test ApplicationContext cache statistics: [DefaultContextCache@5623fd90 size = 5, maxSize = 32, parentContextCount = 0, hitCount = 414, missCount = 5]
2023-03-18T13:52:51.898+09:00 DEBUG 85348 --- [    Test worker] org.springframework.test.context.cache   : Spring test ApplicationContext cache statistics: [DefaultContextCache@5623fd90 size = 5, maxSize = 32, parentContextCount = 0, hitCount = 415, missCount = 5]
2023-03-18T13:52:51.898+09:00 DEBUG 85348 --- [    Test worker] tractDirtiesContextTestExecutionListener : After test method: class [JwtRefreshTokenWorkerTest], method [testReadExpiredAccessToken], class annotated with @DirtiesContext [false] with mode [null], method annotated with @DirtiesContext [false] with mode [null]
2023-03-18T13:52:51.898+09:00 DEBUG 85348 --- [    Test worker] o.s.t.c.w.ServletTestExecutionListener   : Resetting RequestContextHolder for test class com.example.flowerplatform.unitTest.JwtRefreshTokenWorkerTest
2023-03-18T13:52:51.898+09:00 DEBUG 85348 --- [    Test worker] org.springframework.test.context.cache   : Spring test ApplicationContext cache statistics: [DefaultContextCache@5623fd90 size = 5, maxSize = 32, parentContextCount = 0, hitCount = 416, missCount = 5]
2023-03-18T13:52:51.898+09:00 DEBUG 85348 --- [    Test worker] o.s.t.c.w.ServletTestExecutionListener   : Setting up MockHttpServletRequest, MockHttpServletResponse, ServletWebRequest, and RequestContextHolder for test class com.example.flowerplatform.unitTest.JwtRefreshTokenWorkerTest
2023-03-18T13:52:51.898+09:00 DEBUG 85348 --- [    Test worker] org.springframework.test.context.cache   : Spring test ApplicationContext cache statistics: [DefaultContextCache@5623fd90 size = 5, maxSize = 32, parentContextCount = 0, hitCount = 417, missCount = 5]
2023-03-18T13:52:51.898+09:00 DEBUG 85348 --- [    Test worker] DependencyInjectionTestExecutionListener : Performing dependency injection for test class com.example.flowerplatform.unitTest.JwtRefreshTokenWorkerTest
2023-03-18T13:52:51.898+09:00 DEBUG 85348 --- [    Test worker] org.springframework.test.context.cache   : Spring test ApplicationContext cache statistics: [DefaultContextCache@5623fd90 size = 5, maxSize = 32, parentContextCount = 0, hitCount = 418, missCount = 5]
2023-03-18T13:52:51.898+09:00 DEBUG 85348 --- [    Test worker] org.springframework.test.context.cache   : Spring test ApplicationContext cache statistics: [DefaultContextCache@5623fd90 size = 5, maxSize = 32, parentContextCount = 0, hitCount = 419, missCount = 5]
2023-03-18T13:52:51.899+09:00 DEBUG 85348 --- [    Test worker] tractDirtiesContextTestExecutionListener : Before test method: class [JwtRefreshTokenWorkerTest], method [testCreateJwtRefreshTokenWorker], class annotated with @DirtiesContext [false] with mode [null], method annotated with @DirtiesContext [false] with mode [null]
2023-03-18T13:52:51.899+09:00 DEBUG 85348 --- [    Test worker] org.springframework.test.context.cache   : Spring test ApplicationContext cache statistics: [DefaultContextCache@5623fd90 size = 5, maxSize = 32, parentContextCount = 0, hitCount = 420, missCount = 5]
2023-03-18T13:52:51.899+09:00 DEBUG 85348 --- [    Test worker] org.springframework.test.context.cache   : Spring test ApplicationContext cache statistics: [DefaultContextCache@5623fd90 size = 5, maxSize = 32, parentContextCount = 0, hitCount = 421, missCount = 5]
2023-03-18T13:52:51.899+09:00 DEBUG 85348 --- [    Test worker] org.springframework.test.context.cache   : Spring test ApplicationContext cache statistics: [DefaultContextCache@5623fd90 size = 5, maxSize = 32, parentContextCount = 0, hitCount = 422, missCount = 5]
2023-03-18T13:52:51.899+09:00 DEBUG 85348 --- [    Test worker] c.e.f.u.JwtRefreshTokenWorkerTest        : created time: Sat Mar 18 13:52:51 KST 2023
2023-03-18T13:52:51.899+09:00 DEBUG 85348 --- [    Test worker] c.e.f.u.JwtRefreshTokenWorkerTest        : expiring time: Sat Mar 18 13:57:51 KST 2023
2023-03-18T13:52:51.900+09:00 DEBUG 85348 --- [    Test worker] c.e.f.u.t.i.t.JwtRefreshTokenWorker      : saved session in db: Session(sessionId=1, expiresAt=null, userId=1, refreshToken=null)
2023-03-18T13:52:51.900+09:00  INFO 85348 --- [    Test worker] c.e.f.u.JwtRefreshTokenWorkerTest        : created token is following: 
eyJ0eXAiOiJKV1QiLCJhbGciOiJIUzUxMiJ9.eyJyb2xlIjoiVVNFUiIsInVzZXJfaWQiOjEsInNlc3Npb25faWQiOjEsImV4cCI6MTY3OTExNTQ3MSwiaWF0IjoxNjc5MTE1MTcxfQ.8KZoqmdMPF3JwToaCKvy8_URitMD_Z0HkZz2VkTNlJFtz6KDAgqWffWmM1F4evbMlTzzsEA5ugHZDkk4xMwVOQ
2023-03-18T13:52:51.900+09:00 DEBUG 85348 --- [    Test worker] org.springframework.test.context.cache   : Spring test ApplicationContext cache statistics: [DefaultContextCache@5623fd90 size = 5, maxSize = 32, parentContextCount = 0, hitCount = 423, missCount = 5]
2023-03-18T13:52:51.900+09:00 DEBUG 85348 --- [    Test worker] org.springframework.test.context.cache   : Spring test ApplicationContext cache statistics: [DefaultContextCache@5623fd90 size = 5, maxSize = 32, parentContextCount = 0, hitCount = 424, missCount = 5]
2023-03-18T13:52:51.901+09:00 DEBUG 85348 --- [    Test worker] org.springframework.test.context.cache   : Spring test ApplicationContext cache statistics: [DefaultContextCache@5623fd90 size = 5, maxSize = 32, parentContextCount = 0, hitCount = 425, missCount = 5]
2023-03-18T13:52:51.901+09:00 DEBUG 85348 --- [    Test worker] org.springframework.test.context.cache   : Spring test ApplicationContext cache statistics: [DefaultContextCache@5623fd90 size = 5, maxSize = 32, parentContextCount = 0, hitCount = 426, missCount = 5]
2023-03-18T13:52:51.901+09:00 DEBUG 85348 --- [    Test worker] org.springframework.test.context.cache   : Spring test ApplicationContext cache statistics: [DefaultContextCache@5623fd90 size = 5, maxSize = 32, parentContextCount = 0, hitCount = 427, missCount = 5]
2023-03-18T13:52:51.901+09:00 DEBUG 85348 --- [    Test worker] org.springframework.test.context.cache   : Spring test ApplicationContext cache statistics: [DefaultContextCache@5623fd90 size = 5, maxSize = 32, parentContextCount = 0, hitCount = 428, missCount = 5]
2023-03-18T13:52:51.901+09:00 DEBUG 85348 --- [    Test worker] org.springframework.test.context.cache   : Spring test ApplicationContext cache statistics: [DefaultContextCache@5623fd90 size = 5, maxSize = 32, parentContextCount = 0, hitCount = 429, missCount = 5]
2023-03-18T13:52:51.901+09:00 DEBUG 85348 --- [    Test worker] tractDirtiesContextTestExecutionListener : After test method: class [JwtRefreshTokenWorkerTest], method [testCreateJwtRefreshTokenWorker], class annotated with @DirtiesContext [false] with mode [null], method annotated with @DirtiesContext [false] with mode [null]
2023-03-18T13:52:51.901+09:00 DEBUG 85348 --- [    Test worker] o.s.t.c.w.ServletTestExecutionListener   : Resetting RequestContextHolder for test class com.example.flowerplatform.unitTest.JwtRefreshTokenWorkerTest
2023-03-18T13:52:51.901+09:00 DEBUG 85348 --- [    Test worker] org.springframework.test.context.cache   : Spring test ApplicationContext cache statistics: [DefaultContextCache@5623fd90 size = 5, maxSize = 32, parentContextCount = 0, hitCount = 430, missCount = 5]
2023-03-18T13:52:51.901+09:00 DEBUG 85348 --- [    Test worker] o.s.t.c.w.ServletTestExecutionListener   : Setting up MockHttpServletRequest, MockHttpServletResponse, ServletWebRequest, and RequestContextHolder for test class com.example.flowerplatform.unitTest.JwtRefreshTokenWorkerTest
2023-03-18T13:52:51.901+09:00 DEBUG 85348 --- [    Test worker] org.springframework.test.context.cache   : Spring test ApplicationContext cache statistics: [DefaultContextCache@5623fd90 size = 5, maxSize = 32, parentContextCount = 0, hitCount = 431, missCount = 5]
2023-03-18T13:52:51.901+09:00 DEBUG 85348 --- [    Test worker] DependencyInjectionTestExecutionListener : Performing dependency injection for test class com.example.flowerplatform.unitTest.JwtRefreshTokenWorkerTest
2023-03-18T13:52:51.901+09:00 DEBUG 85348 --- [    Test worker] org.springframework.test.context.cache   : Spring test ApplicationContext cache statistics: [DefaultContextCache@5623fd90 size = 5, maxSize = 32, parentContextCount = 0, hitCount = 432, missCount = 5]
2023-03-18T13:52:51.901+09:00 DEBUG 85348 --- [    Test worker] org.springframework.test.context.cache   : Spring test ApplicationContext cache statistics: [DefaultContextCache@5623fd90 size = 5, maxSize = 32, parentContextCount = 0, hitCount = 433, missCount = 5]
2023-03-18T13:52:51.902+09:00 DEBUG 85348 --- [    Test worker] tractDirtiesContextTestExecutionListener : Before test method: class [JwtRefreshTokenWorkerTest], method [testVerifyJwtRefreshToken], class annotated with @DirtiesContext [false] with mode [null], method annotated with @DirtiesContext [false] with mode [null]
2023-03-18T13:52:51.902+09:00 DEBUG 85348 --- [    Test worker] org.springframework.test.context.cache   : Spring test ApplicationContext cache statistics: [DefaultContextCache@5623fd90 size = 5, maxSize = 32, parentContextCount = 0, hitCount = 434, missCount = 5]
2023-03-18T13:52:51.902+09:00 DEBUG 85348 --- [    Test worker] org.springframework.test.context.cache   : Spring test ApplicationContext cache statistics: [DefaultContextCache@5623fd90 size = 5, maxSize = 32, parentContextCount = 0, hitCount = 435, missCount = 5]
2023-03-18T13:52:51.902+09:00 DEBUG 85348 --- [    Test worker] org.springframework.test.context.cache   : Spring test ApplicationContext cache statistics: [DefaultContextCache@5623fd90 size = 5, maxSize = 32, parentContextCount = 0, hitCount = 436, missCount = 5]
2023-03-18T13:52:51.903+09:00 DEBUG 85348 --- [    Test worker] c.e.f.u.t.i.t.JwtRefreshTokenWorker      : saved session in db: Session(sessionId=1, expiresAt=null, userId=1, refreshToken=null)
2023-03-18T13:52:51.903+09:00 DEBUG 85348 --- [    Test worker] c.e.f.u.JwtRefreshTokenWorkerTest        : eyJ0eXAiOiJKV1QiLCJhbGciOiJIUzUxMiJ9.eyJzdWIiOiIxIiwicm9sZSI6IlVTRVIiLCJ1c2VyX2lkIjoxLCJzZXNzaW9uX2lkIjoxLCJleHAiOjE2NzkxMTU0NzEsImlhdCI6MTY3OTExNTE3MX0.KcummL7h3mCGmhRALRQnddtfUMJfwO_zXJcpyxXt-o_6lxqEJtbszwzDOM0mP9c1fkyj-EIcOF9ZrNTXgpo8LQ
2023-03-18T13:52:51.903+09:00 DEBUG 85348 --- [    Test worker] org.springframework.test.context.cache   : Spring test ApplicationContext cache statistics: [DefaultContextCache@5623fd90 size = 5, maxSize = 32, parentContextCount = 0, hitCount = 437, missCount = 5]
2023-03-18T13:52:51.903+09:00 DEBUG 85348 --- [    Test worker] org.springframework.test.context.cache   : Spring test ApplicationContext cache statistics: [DefaultContextCache@5623fd90 size = 5, maxSize = 32, parentContextCount = 0, hitCount = 438, missCount = 5]
2023-03-18T13:52:51.904+09:00 DEBUG 85348 --- [    Test worker] org.springframework.test.context.cache   : Spring test ApplicationContext cache statistics: [DefaultContextCache@5623fd90 size = 5, maxSize = 32, parentContextCount = 0, hitCount = 439, missCount = 5]
2023-03-18T13:52:51.904+09:00 DEBUG 85348 --- [    Test worker] org.springframework.test.context.cache   : Spring test ApplicationContext cache statistics: [DefaultContextCache@5623fd90 size = 5, maxSize = 32, parentContextCount = 0, hitCount = 440, missCount = 5]
2023-03-18T13:52:51.904+09:00 DEBUG 85348 --- [    Test worker] org.springframework.test.context.cache   : Spring test ApplicationContext cache statistics: [DefaultContextCache@5623fd90 size = 5, maxSize = 32, parentContextCount = 0, hitCount = 441, missCount = 5]
2023-03-18T13:52:51.904+09:00 DEBUG 85348 --- [    Test worker] org.springframework.test.context.cache   : Spring test ApplicationContext cache statistics: [DefaultContextCache@5623fd90 size = 5, maxSize = 32, parentContextCount = 0, hitCount = 442, missCount = 5]
2023-03-18T13:52:51.904+09:00 DEBUG 85348 --- [    Test worker] org.springframework.test.context.cache   : Spring test ApplicationContext cache statistics: [DefaultContextCache@5623fd90 size = 5, maxSize = 32, parentContextCount = 0, hitCount = 443, missCount = 5]
2023-03-18T13:52:51.904+09:00 DEBUG 85348 --- [    Test worker] tractDirtiesContextTestExecutionListener : After test method: class [JwtRefreshTokenWorkerTest], method [testVerifyJwtRefreshToken], class annotated with @DirtiesContext [false] with mode [null], method annotated with @DirtiesContext [false] with mode [null]
2023-03-18T13:52:51.904+09:00 DEBUG 85348 --- [    Test worker] o.s.t.c.w.ServletTestExecutionListener   : Resetting RequestContextHolder for test class com.example.flowerplatform.unitTest.JwtRefreshTokenWorkerTest
2023-03-18T13:52:51.904+09:00 DEBUG 85348 --- [    Test worker] org.springframework.test.context.cache   : Spring test ApplicationContext cache statistics: [DefaultContextCache@5623fd90 size = 5, maxSize = 32, parentContextCount = 0, hitCount = 444, missCount = 5]
2023-03-18T13:52:51.904+09:00 DEBUG 85348 --- [    Test worker] tractDirtiesContextTestExecutionListener : After test class: class [JwtRefreshTokenWorkerTest], class annotated with @DirtiesContext [false] with mode [null]
]]></system-out>
  <system-err><![CDATA[]]></system-err>
</testsuite>
