<?xml version="1.0" encoding="UTF-8"?>
<testsuite name="com.example.flowerplatform.unitTest.CustomAuthenticationManagerTest" tests="1" skipped="0" failures="0" errors="0" timestamp="2023-03-18T04:52:51" hostname="jeongsang-won-ui-MacBookAir.local" time="0.003">
  <properties/>
  <testcase name="testCustomAuthenticationManager()" classname="com.example.flowerplatform.unitTest.CustomAuthenticationManagerTest" time="0.003"/>
  <system-out><![CDATA[2023-03-18T13:52:51.727+09:00 DEBUG 85348 --- [    Test worker] .b.t.c.SpringBootTestContextBootstrapper : Neither @ContextConfiguration nor @ContextHierarchy found for test class [CustomAuthenticationManagerTest]: using SpringBootContextLoader
2023-03-18T13:52:51.728+09:00 DEBUG 85348 --- [    Test worker] o.s.t.c.support.AbstractContextLoader    : Could not detect default resource locations for test class [com.example.flowerplatform.unitTest.CustomAuthenticationManagerTest]: no resource found for suffixes {-context.xml, Context.groovy}.
2023-03-18T13:52:51.728+09:00  INFO 85348 --- [    Test worker] t.c.s.AnnotationConfigContextLoaderUtils : Could not detect default configuration classes for test class [com.example.flowerplatform.unitTest.CustomAuthenticationManagerTest]: CustomAuthenticationManagerTest does not declare any static, non-private, non-final, nested classes annotated with @Configuration.
2023-03-18T13:52:51.728+09:00 DEBUG 85348 --- [    Test worker] .b.t.c.SpringBootTestContextBootstrapper : Using ContextCustomizers for test class [CustomAuthenticationManagerTest]: [DisableObservabilityContextCustomizer, PropertyMappingContextCustomizer, Customizer, ExcludeFilterContextCustomizer, DuplicateJsonObjectContextCustomizer, MockitoContextCustomizer, TestRestTemplateContextCustomizer]
2023-03-18T13:52:51.728+09:00  INFO 85348 --- [    Test worker] .b.t.c.SpringBootTestContextBootstrapper : Found @SpringBootConfiguration com.example.flowerplatform.FlowerPlatformApplication for test class com.example.flowerplatform.unitTest.CustomAuthenticationManagerTest
2023-03-18T13:52:51.729+09:00 DEBUG 85348 --- [    Test worker] .b.t.c.SpringBootTestContextBootstrapper : Using TestExecutionListeners for test class [CustomAuthenticationManagerTest]: [ServletTestExecutionListener, DirtiesContextBeforeModesTestExecutionListener, ApplicationEventsTestExecutionListener, MockitoTestExecutionListener, DependencyInjectionTestExecutionListener, DirtiesContextTestExecutionListener, TransactionalTestExecutionListener, SqlScriptsTestExecutionListener, WithSecurityContextTestExecutionListener, EventPublishingTestExecutionListener, ReactorContextTestExecutionListener, RestDocsTestExecutionListener, MockRestServiceServerResetTestExecutionListener, MockMvcPrintOnlyOnFailureTestExecutionListener, WebDriverTestExecutionListener, MockWebServiceServerTestExecutionListener, ResetMocksTestExecutionListener]
2023-03-18T13:52:51.729+09:00 DEBUG 85348 --- [    Test worker] org.springframework.test.context.cache   : Spring test ApplicationContext cache statistics: [DefaultContextCache@5623fd90 size = 4, maxSize = 32, parentContextCount = 0, hitCount = 237, missCount = 4]
2023-03-18T13:52:51.729+09:00 DEBUG 85348 --- [    Test worker] o.s.t.c.w.ServletTestExecutionListener   : Setting up MockHttpServletRequest, MockHttpServletResponse, ServletWebRequest, and RequestContextHolder for test class com.example.flowerplatform.unitTest.CustomAuthenticationManagerTest
2023-03-18T13:52:51.729+09:00 DEBUG 85348 --- [    Test worker] DependencyInjectionTestExecutionListener : Performing dependency injection for test class com.example.flowerplatform.unitTest.CustomAuthenticationManagerTest
2023-03-18T13:52:51.729+09:00 DEBUG 85348 --- [    Test worker] org.springframework.test.context.cache   : Spring test ApplicationContext cache statistics: [DefaultContextCache@5623fd90 size = 4, maxSize = 32, parentContextCount = 0, hitCount = 238, missCount = 4]
2023-03-18T13:52:51.730+09:00 DEBUG 85348 --- [    Test worker] org.springframework.test.context.cache   : Spring test ApplicationContext cache statistics: [DefaultContextCache@5623fd90 size = 4, maxSize = 32, parentContextCount = 0, hitCount = 239, missCount = 4]
2023-03-18T13:52:51.730+09:00 DEBUG 85348 --- [    Test worker] tractDirtiesContextTestExecutionListener : Before test class: class [CustomAuthenticationManagerTest], class annotated with @DirtiesContext [false] with mode [null]
2023-03-18T13:52:51.730+09:00 DEBUG 85348 --- [    Test worker] org.springframework.test.context.cache   : Spring test ApplicationContext cache statistics: [DefaultContextCache@5623fd90 size = 4, maxSize = 32, parentContextCount = 0, hitCount = 240, missCount = 4]
2023-03-18T13:52:51.731+09:00 DEBUG 85348 --- [    Test worker] c.e.f.u.CustomAuthenticationManagerTest  : ======================= called initializedMockInstances!
2023-03-18T13:52:51.753+09:00 DEBUG 85348 --- [    Test worker] c.e.f.u.CustomAuthenticationManagerTest  : found emailAuthenticationProvider!
2023-03-18T13:52:51.753+09:00 DEBUG 85348 --- [    Test worker] c.e.f.u.CustomAuthenticationManagerTest  : ================= size of authenticationProviders: 1
2023-03-18T13:52:51.753+09:00 DEBUG 85348 --- [    Test worker] c.e.f.u.CustomAuthenticationManagerTest  : ====================class com.example.flowerplatform.security.authentication.authenticationProvider.EmailAuthenticationProvider
2023-03-18T13:52:51.753+09:00 DEBUG 85348 --- [    Test worker] c.e.f.u.CustomAuthenticationManagerTest  : ======================= initialize authentication manager
2023-03-18T13:52:51.754+09:00 DEBUG 85348 --- [    Test worker] tractDirtiesContextTestExecutionListener : Before test method: class [CustomAuthenticationManagerTest], method [testCustomAuthenticationManager], class annotated with @DirtiesContext [false] with mode [null], method annotated with @DirtiesContext [false] with mode [null]
2023-03-18T13:52:51.754+09:00 DEBUG 85348 --- [    Test worker] org.springframework.test.context.cache   : Spring test ApplicationContext cache statistics: [DefaultContextCache@5623fd90 size = 4, maxSize = 32, parentContextCount = 0, hitCount = 241, missCount = 4]
2023-03-18T13:52:51.754+09:00 DEBUG 85348 --- [    Test worker] org.springframework.test.context.cache   : Spring test ApplicationContext cache statistics: [DefaultContextCache@5623fd90 size = 4, maxSize = 32, parentContextCount = 0, hitCount = 242, missCount = 4]
2023-03-18T13:52:51.755+09:00 DEBUG 85348 --- [    Test worker] org.springframework.test.context.cache   : Spring test ApplicationContext cache statistics: [DefaultContextCache@5623fd90 size = 4, maxSize = 32, parentContextCount = 0, hitCount = 243, missCount = 4]
2023-03-18T13:52:51.755+09:00 DEBUG 85348 --- [    Test worker] org.springframework.test.context.cache   : Spring test ApplicationContext cache statistics: [DefaultContextCache@5623fd90 size = 4, maxSize = 32, parentContextCount = 0, hitCount = 244, missCount = 4]
2023-03-18T13:52:51.755+09:00 DEBUG 85348 --- [    Test worker] org.springframework.test.context.cache   : Spring test ApplicationContext cache statistics: [DefaultContextCache@5623fd90 size = 4, maxSize = 32, parentContextCount = 0, hitCount = 245, missCount = 4]
2023-03-18T13:52:51.756+09:00 DEBUG 85348 --- [    Test worker] org.springframework.test.context.cache   : Spring test ApplicationContext cache statistics: [DefaultContextCache@5623fd90 size = 4, maxSize = 32, parentContextCount = 0, hitCount = 246, missCount = 4]
2023-03-18T13:52:51.756+09:00 DEBUG 85348 --- [    Test worker] org.springframework.test.context.cache   : Spring test ApplicationContext cache statistics: [DefaultContextCache@5623fd90 size = 4, maxSize = 32, parentContextCount = 0, hitCount = 247, missCount = 4]
2023-03-18T13:52:51.756+09:00 DEBUG 85348 --- [    Test worker] org.springframework.test.context.cache   : Spring test ApplicationContext cache statistics: [DefaultContextCache@5623fd90 size = 4, maxSize = 32, parentContextCount = 0, hitCount = 248, missCount = 4]
2023-03-18T13:52:51.756+09:00 DEBUG 85348 --- [    Test worker] org.springframework.test.context.cache   : Spring test ApplicationContext cache statistics: [DefaultContextCache@5623fd90 size = 4, maxSize = 32, parentContextCount = 0, hitCount = 249, missCount = 4]
2023-03-18T13:52:51.756+09:00 DEBUG 85348 --- [    Test worker] org.springframework.test.context.cache   : Spring test ApplicationContext cache statistics: [DefaultContextCache@5623fd90 size = 4, maxSize = 32, parentContextCount = 0, hitCount = 250, missCount = 4]
2023-03-18T13:52:51.757+09:00 DEBUG 85348 --- [    Test worker] tractDirtiesContextTestExecutionListener : After test method: class [CustomAuthenticationManagerTest], method [testCustomAuthenticationManager], class annotated with @DirtiesContext [false] with mode [null], method annotated with @DirtiesContext [false] with mode [null]
2023-03-18T13:52:51.757+09:00 DEBUG 85348 --- [    Test worker] o.s.t.c.w.ServletTestExecutionListener   : Resetting RequestContextHolder for test class com.example.flowerplatform.unitTest.CustomAuthenticationManagerTest
2023-03-18T13:52:51.757+09:00 DEBUG 85348 --- [    Test worker] org.springframework.test.context.cache   : Spring test ApplicationContext cache statistics: [DefaultContextCache@5623fd90 size = 4, maxSize = 32, parentContextCount = 0, hitCount = 251, missCount = 4]
2023-03-18T13:52:51.757+09:00 DEBUG 85348 --- [    Test worker] tractDirtiesContextTestExecutionListener : After test class: class [CustomAuthenticationManagerTest], class annotated with @DirtiesContext [false] with mode [null]
]]></system-out>
  <system-err><![CDATA[]]></system-err>
</testsuite>
