<?xml version="1.0" encoding="UTF-8"?>
<testsuite name="com.example.flowerplatform.unitTest.JwtAccessTokenWorkerTest" tests="6" skipped="0" failures="0" errors="0" timestamp="2023-03-18T04:52:51" hostname="jeongsang-won-ui-MacBookAir.local" time="0.023">
  <properties/>
  <testcase name="testTwoSecretKeys()" classname="com.example.flowerplatform.unitTest.JwtAccessTokenWorkerTest" time="0.004"/>
  <testcase name="testVerifyRefreshToken()" classname="com.example.flowerplatform.unitTest.JwtAccessTokenWorkerTest" time="0.004"/>
  <testcase name="testVerifyExpiredAccessToken()" classname="com.example.flowerplatform.unitTest.JwtAccessTokenWorkerTest" time="0.004"/>
  <testcase name="testReadExpiredAccessToken()" classname="com.example.flowerplatform.unitTest.JwtAccessTokenWorkerTest" time="0.003"/>
  <testcase name="testVerifyJwtAccessToken()" classname="com.example.flowerplatform.unitTest.JwtAccessTokenWorkerTest" time="0.003"/>
  <testcase name="testCreateJwtAccessTokenWorker()" classname="com.example.flowerplatform.unitTest.JwtAccessTokenWorkerTest" time="0.002"/>
  <system-out><![CDATA[2023-03-18T13:52:51.845+09:00 DEBUG 85348 --- [    Test worker] .b.t.c.SpringBootTestContextBootstrapper : Neither @ContextConfiguration nor @ContextHierarchy found for test class [JwtAccessTokenWorkerTest]: using SpringBootContextLoader
2023-03-18T13:52:51.846+09:00 DEBUG 85348 --- [    Test worker] o.s.t.c.support.AbstractContextLoader    : Could not detect default resource locations for test class [com.example.flowerplatform.unitTest.JwtAccessTokenWorkerTest]: no resource found for suffixes {-context.xml, Context.groovy}.
2023-03-18T13:52:51.846+09:00  INFO 85348 --- [    Test worker] t.c.s.AnnotationConfigContextLoaderUtils : Could not detect default configuration classes for test class [com.example.flowerplatform.unitTest.JwtAccessTokenWorkerTest]: JwtAccessTokenWorkerTest does not declare any static, non-private, non-final, nested classes annotated with @Configuration.
2023-03-18T13:52:51.846+09:00 DEBUG 85348 --- [    Test worker] .b.t.c.SpringBootTestContextBootstrapper : Using ContextCustomizers for test class [JwtAccessTokenWorkerTest]: [DisableObservabilityContextCustomizer, PropertyMappingContextCustomizer, Customizer, ExcludeFilterContextCustomizer, DuplicateJsonObjectContextCustomizer, MockitoContextCustomizer, TestRestTemplateContextCustomizer]
2023-03-18T13:52:51.846+09:00  INFO 85348 --- [    Test worker] .b.t.c.SpringBootTestContextBootstrapper : Found @SpringBootConfiguration com.example.flowerplatform.FlowerPlatformApplication for test class com.example.flowerplatform.unitTest.JwtAccessTokenWorkerTest
2023-03-18T13:52:51.847+09:00 DEBUG 85348 --- [    Test worker] .b.t.c.SpringBootTestContextBootstrapper : Using TestExecutionListeners for test class [JwtAccessTokenWorkerTest]: [ServletTestExecutionListener, DirtiesContextBeforeModesTestExecutionListener, ApplicationEventsTestExecutionListener, MockitoTestExecutionListener, DependencyInjectionTestExecutionListener, DirtiesContextTestExecutionListener, TransactionalTestExecutionListener, SqlScriptsTestExecutionListener, WithSecurityContextTestExecutionListener, EventPublishingTestExecutionListener, ReactorContextTestExecutionListener, RestDocsTestExecutionListener, MockRestServiceServerResetTestExecutionListener, MockMvcPrintOnlyOnFailureTestExecutionListener, WebDriverTestExecutionListener, MockWebServiceServerTestExecutionListener, ResetMocksTestExecutionListener]
2023-03-18T13:52:51.847+09:00 DEBUG 85348 --- [    Test worker] tractDirtiesContextTestExecutionListener : Before test class: class [JwtAccessTokenWorkerTest], class annotated with @DirtiesContext [false] with mode [null]
2023-03-18T13:52:51.847+09:00 DEBUG 85348 --- [    Test worker] org.springframework.test.context.cache   : Spring test ApplicationContext cache statistics: [DefaultContextCache@5623fd90 size = 4, maxSize = 32, parentContextCount = 0, hitCount = 295, missCount = 4]
2023-03-18T13:52:51.847+09:00 DEBUG 85348 --- [    Test worker] org.springframework.test.context.cache   : Spring test ApplicationContext cache statistics: [DefaultContextCache@5623fd90 size = 4, maxSize = 32, parentContextCount = 0, hitCount = 296, missCount = 4]
2023-03-18T13:52:51.847+09:00 DEBUG 85348 --- [    Test worker] o.s.t.c.w.ServletTestExecutionListener   : Setting up MockHttpServletRequest, MockHttpServletResponse, ServletWebRequest, and RequestContextHolder for test class com.example.flowerplatform.unitTest.JwtAccessTokenWorkerTest
2023-03-18T13:52:51.847+09:00 DEBUG 85348 --- [    Test worker] DependencyInjectionTestExecutionListener : Performing dependency injection for test class com.example.flowerplatform.unitTest.JwtAccessTokenWorkerTest
2023-03-18T13:52:51.847+09:00 DEBUG 85348 --- [    Test worker] org.springframework.test.context.cache   : Spring test ApplicationContext cache statistics: [DefaultContextCache@5623fd90 size = 4, maxSize = 32, parentContextCount = 0, hitCount = 297, missCount = 4]
2023-03-18T13:52:51.848+09:00 DEBUG 85348 --- [    Test worker] org.springframework.test.context.cache   : Spring test ApplicationContext cache statistics: [DefaultContextCache@5623fd90 size = 4, maxSize = 32, parentContextCount = 0, hitCount = 298, missCount = 4]
2023-03-18T13:52:51.848+09:00 DEBUG 85348 --- [    Test worker] tractDirtiesContextTestExecutionListener : Before test method: class [JwtAccessTokenWorkerTest], method [testTwoSecretKeys], class annotated with @DirtiesContext [false] with mode [null], method annotated with @DirtiesContext [false] with mode [null]
2023-03-18T13:52:51.848+09:00 DEBUG 85348 --- [    Test worker] org.springframework.test.context.cache   : Spring test ApplicationContext cache statistics: [DefaultContextCache@5623fd90 size = 4, maxSize = 32, parentContextCount = 0, hitCount = 299, missCount = 4]
2023-03-18T13:52:51.848+09:00 DEBUG 85348 --- [    Test worker] org.springframework.test.context.cache   : Spring test ApplicationContext cache statistics: [DefaultContextCache@5623fd90 size = 4, maxSize = 32, parentContextCount = 0, hitCount = 300, missCount = 4]
2023-03-18T13:52:51.849+09:00 DEBUG 85348 --- [    Test worker] org.springframework.test.context.cache   : Spring test ApplicationContext cache statistics: [DefaultContextCache@5623fd90 size = 4, maxSize = 32, parentContextCount = 0, hitCount = 301, missCount = 4]
2023-03-18T13:52:51.850+09:00 DEBUG 85348 --- [    Test worker] c.e.f.u.t.i.t.JwtAccessTokenWorker       : jwt verification with primary key failed! it will try the secondary key!
2023-03-18T13:52:51.851+09:00 DEBUG 85348 --- [    Test worker] org.springframework.test.context.cache   : Spring test ApplicationContext cache statistics: [DefaultContextCache@5623fd90 size = 4, maxSize = 32, parentContextCount = 0, hitCount = 302, missCount = 4]
2023-03-18T13:52:51.851+09:00 DEBUG 85348 --- [    Test worker] org.springframework.test.context.cache   : Spring test ApplicationContext cache statistics: [DefaultContextCache@5623fd90 size = 4, maxSize = 32, parentContextCount = 0, hitCount = 303, missCount = 4]
2023-03-18T13:52:51.851+09:00 DEBUG 85348 --- [    Test worker] org.springframework.test.context.cache   : Spring test ApplicationContext cache statistics: [DefaultContextCache@5623fd90 size = 4, maxSize = 32, parentContextCount = 0, hitCount = 304, missCount = 4]
2023-03-18T13:52:51.852+09:00 DEBUG 85348 --- [    Test worker] org.springframework.test.context.cache   : Spring test ApplicationContext cache statistics: [DefaultContextCache@5623fd90 size = 4, maxSize = 32, parentContextCount = 0, hitCount = 305, missCount = 4]
2023-03-18T13:52:51.852+09:00 DEBUG 85348 --- [    Test worker] org.springframework.test.context.cache   : Spring test ApplicationContext cache statistics: [DefaultContextCache@5623fd90 size = 4, maxSize = 32, parentContextCount = 0, hitCount = 306, missCount = 4]
2023-03-18T13:52:51.852+09:00 DEBUG 85348 --- [    Test worker] org.springframework.test.context.cache   : Spring test ApplicationContext cache statistics: [DefaultContextCache@5623fd90 size = 4, maxSize = 32, parentContextCount = 0, hitCount = 307, missCount = 4]
2023-03-18T13:52:51.852+09:00 DEBUG 85348 --- [    Test worker] org.springframework.test.context.cache   : Spring test ApplicationContext cache statistics: [DefaultContextCache@5623fd90 size = 4, maxSize = 32, parentContextCount = 0, hitCount = 308, missCount = 4]
2023-03-18T13:52:51.852+09:00 DEBUG 85348 --- [    Test worker] tractDirtiesContextTestExecutionListener : After test method: class [JwtAccessTokenWorkerTest], method [testTwoSecretKeys], class annotated with @DirtiesContext [false] with mode [null], method annotated with @DirtiesContext [false] with mode [null]
2023-03-18T13:52:51.852+09:00 DEBUG 85348 --- [    Test worker] o.s.t.c.w.ServletTestExecutionListener   : Resetting RequestContextHolder for test class com.example.flowerplatform.unitTest.JwtAccessTokenWorkerTest
2023-03-18T13:52:51.852+09:00 DEBUG 85348 --- [    Test worker] org.springframework.test.context.cache   : Spring test ApplicationContext cache statistics: [DefaultContextCache@5623fd90 size = 4, maxSize = 32, parentContextCount = 0, hitCount = 309, missCount = 4]
2023-03-18T13:52:51.852+09:00 DEBUG 85348 --- [    Test worker] o.s.t.c.w.ServletTestExecutionListener   : Setting up MockHttpServletRequest, MockHttpServletResponse, ServletWebRequest, and RequestContextHolder for test class com.example.flowerplatform.unitTest.JwtAccessTokenWorkerTest
2023-03-18T13:52:51.852+09:00 DEBUG 85348 --- [    Test worker] DependencyInjectionTestExecutionListener : Performing dependency injection for test class com.example.flowerplatform.unitTest.JwtAccessTokenWorkerTest
2023-03-18T13:52:51.852+09:00 DEBUG 85348 --- [    Test worker] org.springframework.test.context.cache   : Spring test ApplicationContext cache statistics: [DefaultContextCache@5623fd90 size = 4, maxSize = 32, parentContextCount = 0, hitCount = 310, missCount = 4]
2023-03-18T13:52:51.852+09:00 DEBUG 85348 --- [    Test worker] org.springframework.test.context.cache   : Spring test ApplicationContext cache statistics: [DefaultContextCache@5623fd90 size = 4, maxSize = 32, parentContextCount = 0, hitCount = 311, missCount = 4]
2023-03-18T13:52:51.853+09:00 DEBUG 85348 --- [    Test worker] tractDirtiesContextTestExecutionListener : Before test method: class [JwtAccessTokenWorkerTest], method [testVerifyRefreshToken], class annotated with @DirtiesContext [false] with mode [null], method annotated with @DirtiesContext [false] with mode [null]
2023-03-18T13:52:51.853+09:00 DEBUG 85348 --- [    Test worker] org.springframework.test.context.cache   : Spring test ApplicationContext cache statistics: [DefaultContextCache@5623fd90 size = 4, maxSize = 32, parentContextCount = 0, hitCount = 312, missCount = 4]
2023-03-18T13:52:51.853+09:00 DEBUG 85348 --- [    Test worker] org.springframework.test.context.cache   : Spring test ApplicationContext cache statistics: [DefaultContextCache@5623fd90 size = 4, maxSize = 32, parentContextCount = 0, hitCount = 313, missCount = 4]
2023-03-18T13:52:51.854+09:00 DEBUG 85348 --- [    Test worker] org.springframework.test.context.cache   : Spring test ApplicationContext cache statistics: [DefaultContextCache@5623fd90 size = 4, maxSize = 32, parentContextCount = 0, hitCount = 314, missCount = 4]
2023-03-18T13:52:51.854+09:00 DEBUG 85348 --- [    Test worker] org.springframework.test.context.cache   : Spring test ApplicationContext cache statistics: [DefaultContextCache@5623fd90 size = 4, maxSize = 32, parentContextCount = 0, hitCount = 315, missCount = 4]
2023-03-18T13:52:51.854+09:00 DEBUG 85348 --- [    Test worker] org.springframework.test.context.cache   : Spring test ApplicationContext cache statistics: [DefaultContextCache@5623fd90 size = 4, maxSize = 32, parentContextCount = 0, hitCount = 316, missCount = 4]
2023-03-18T13:52:51.855+09:00 DEBUG 85348 --- [    Test worker] org.springframework.test.context.cache   : Spring test ApplicationContext cache statistics: [DefaultContextCache@5623fd90 size = 4, maxSize = 32, parentContextCount = 0, hitCount = 317, missCount = 4]
2023-03-18T13:52:51.855+09:00 DEBUG 85348 --- [    Test worker] org.springframework.test.context.cache   : Spring test ApplicationContext cache statistics: [DefaultContextCache@5623fd90 size = 4, maxSize = 32, parentContextCount = 0, hitCount = 318, missCount = 4]
2023-03-18T13:52:51.855+09:00 DEBUG 85348 --- [    Test worker] org.springframework.test.context.cache   : Spring test ApplicationContext cache statistics: [DefaultContextCache@5623fd90 size = 4, maxSize = 32, parentContextCount = 0, hitCount = 319, missCount = 4]
2023-03-18T13:52:51.856+09:00 DEBUG 85348 --- [    Test worker] org.springframework.test.context.cache   : Spring test ApplicationContext cache statistics: [DefaultContextCache@5623fd90 size = 4, maxSize = 32, parentContextCount = 0, hitCount = 320, missCount = 4]
2023-03-18T13:52:51.856+09:00 DEBUG 85348 --- [    Test worker] org.springframework.test.context.cache   : Spring test ApplicationContext cache statistics: [DefaultContextCache@5623fd90 size = 4, maxSize = 32, parentContextCount = 0, hitCount = 321, missCount = 4]
2023-03-18T13:52:51.856+09:00 DEBUG 85348 --- [    Test worker] tractDirtiesContextTestExecutionListener : After test method: class [JwtAccessTokenWorkerTest], method [testVerifyRefreshToken], class annotated with @DirtiesContext [false] with mode [null], method annotated with @DirtiesContext [false] with mode [null]
2023-03-18T13:52:51.856+09:00 DEBUG 85348 --- [    Test worker] o.s.t.c.w.ServletTestExecutionListener   : Resetting RequestContextHolder for test class com.example.flowerplatform.unitTest.JwtAccessTokenWorkerTest
2023-03-18T13:52:51.857+09:00 DEBUG 85348 --- [    Test worker] org.springframework.test.context.cache   : Spring test ApplicationContext cache statistics: [DefaultContextCache@5623fd90 size = 4, maxSize = 32, parentContextCount = 0, hitCount = 322, missCount = 4]
2023-03-18T13:52:51.857+09:00 DEBUG 85348 --- [    Test worker] o.s.t.c.w.ServletTestExecutionListener   : Setting up MockHttpServletRequest, MockHttpServletResponse, ServletWebRequest, and RequestContextHolder for test class com.example.flowerplatform.unitTest.JwtAccessTokenWorkerTest
2023-03-18T13:52:51.857+09:00 DEBUG 85348 --- [    Test worker] DependencyInjectionTestExecutionListener : Performing dependency injection for test class com.example.flowerplatform.unitTest.JwtAccessTokenWorkerTest
2023-03-18T13:52:51.857+09:00 DEBUG 85348 --- [    Test worker] org.springframework.test.context.cache   : Spring test ApplicationContext cache statistics: [DefaultContextCache@5623fd90 size = 4, maxSize = 32, parentContextCount = 0, hitCount = 323, missCount = 4]
2023-03-18T13:52:51.857+09:00 DEBUG 85348 --- [    Test worker] org.springframework.test.context.cache   : Spring test ApplicationContext cache statistics: [DefaultContextCache@5623fd90 size = 4, maxSize = 32, parentContextCount = 0, hitCount = 324, missCount = 4]
2023-03-18T13:52:51.857+09:00 DEBUG 85348 --- [    Test worker] tractDirtiesContextTestExecutionListener : Before test method: class [JwtAccessTokenWorkerTest], method [testVerifyExpiredAccessToken], class annotated with @DirtiesContext [false] with mode [null], method annotated with @DirtiesContext [false] with mode [null]
2023-03-18T13:52:51.857+09:00 DEBUG 85348 --- [    Test worker] org.springframework.test.context.cache   : Spring test ApplicationContext cache statistics: [DefaultContextCache@5623fd90 size = 4, maxSize = 32, parentContextCount = 0, hitCount = 325, missCount = 4]
2023-03-18T13:52:51.857+09:00 DEBUG 85348 --- [    Test worker] org.springframework.test.context.cache   : Spring test ApplicationContext cache statistics: [DefaultContextCache@5623fd90 size = 4, maxSize = 32, parentContextCount = 0, hitCount = 326, missCount = 4]
2023-03-18T13:52:51.858+09:00 DEBUG 85348 --- [    Test worker] org.springframework.test.context.cache   : Spring test ApplicationContext cache statistics: [DefaultContextCache@5623fd90 size = 4, maxSize = 32, parentContextCount = 0, hitCount = 327, missCount = 4]
2023-03-18T13:52:51.860+09:00 DEBUG 85348 --- [    Test worker] org.springframework.test.context.cache   : Spring test ApplicationContext cache statistics: [DefaultContextCache@5623fd90 size = 4, maxSize = 32, parentContextCount = 0, hitCount = 328, missCount = 4]
2023-03-18T13:52:51.860+09:00 DEBUG 85348 --- [    Test worker] org.springframework.test.context.cache   : Spring test ApplicationContext cache statistics: [DefaultContextCache@5623fd90 size = 4, maxSize = 32, parentContextCount = 0, hitCount = 329, missCount = 4]
2023-03-18T13:52:51.860+09:00 DEBUG 85348 --- [    Test worker] org.springframework.test.context.cache   : Spring test ApplicationContext cache statistics: [DefaultContextCache@5623fd90 size = 4, maxSize = 32, parentContextCount = 0, hitCount = 330, missCount = 4]
2023-03-18T13:52:51.860+09:00 DEBUG 85348 --- [    Test worker] org.springframework.test.context.cache   : Spring test ApplicationContext cache statistics: [DefaultContextCache@5623fd90 size = 4, maxSize = 32, parentContextCount = 0, hitCount = 331, missCount = 4]
2023-03-18T13:52:51.860+09:00 DEBUG 85348 --- [    Test worker] org.springframework.test.context.cache   : Spring test ApplicationContext cache statistics: [DefaultContextCache@5623fd90 size = 4, maxSize = 32, parentContextCount = 0, hitCount = 332, missCount = 4]
2023-03-18T13:52:51.861+09:00 DEBUG 85348 --- [    Test worker] org.springframework.test.context.cache   : Spring test ApplicationContext cache statistics: [DefaultContextCache@5623fd90 size = 4, maxSize = 32, parentContextCount = 0, hitCount = 333, missCount = 4]
2023-03-18T13:52:51.861+09:00 DEBUG 85348 --- [    Test worker] org.springframework.test.context.cache   : Spring test ApplicationContext cache statistics: [DefaultContextCache@5623fd90 size = 4, maxSize = 32, parentContextCount = 0, hitCount = 334, missCount = 4]
2023-03-18T13:52:51.861+09:00 DEBUG 85348 --- [    Test worker] tractDirtiesContextTestExecutionListener : After test method: class [JwtAccessTokenWorkerTest], method [testVerifyExpiredAccessToken], class annotated with @DirtiesContext [false] with mode [null], method annotated with @DirtiesContext [false] with mode [null]
2023-03-18T13:52:51.861+09:00 DEBUG 85348 --- [    Test worker] o.s.t.c.w.ServletTestExecutionListener   : Resetting RequestContextHolder for test class com.example.flowerplatform.unitTest.JwtAccessTokenWorkerTest
2023-03-18T13:52:51.861+09:00 DEBUG 85348 --- [    Test worker] org.springframework.test.context.cache   : Spring test ApplicationContext cache statistics: [DefaultContextCache@5623fd90 size = 4, maxSize = 32, parentContextCount = 0, hitCount = 335, missCount = 4]
2023-03-18T13:52:51.861+09:00 DEBUG 85348 --- [    Test worker] o.s.t.c.w.ServletTestExecutionListener   : Setting up MockHttpServletRequest, MockHttpServletResponse, ServletWebRequest, and RequestContextHolder for test class com.example.flowerplatform.unitTest.JwtAccessTokenWorkerTest
2023-03-18T13:52:51.861+09:00 DEBUG 85348 --- [    Test worker] DependencyInjectionTestExecutionListener : Performing dependency injection for test class com.example.flowerplatform.unitTest.JwtAccessTokenWorkerTest
2023-03-18T13:52:51.861+09:00 DEBUG 85348 --- [    Test worker] org.springframework.test.context.cache   : Spring test ApplicationContext cache statistics: [DefaultContextCache@5623fd90 size = 4, maxSize = 32, parentContextCount = 0, hitCount = 336, missCount = 4]
2023-03-18T13:52:51.861+09:00 DEBUG 85348 --- [    Test worker] org.springframework.test.context.cache   : Spring test ApplicationContext cache statistics: [DefaultContextCache@5623fd90 size = 4, maxSize = 32, parentContextCount = 0, hitCount = 337, missCount = 4]
2023-03-18T13:52:51.861+09:00 DEBUG 85348 --- [    Test worker] tractDirtiesContextTestExecutionListener : Before test method: class [JwtAccessTokenWorkerTest], method [testReadExpiredAccessToken], class annotated with @DirtiesContext [false] with mode [null], method annotated with @DirtiesContext [false] with mode [null]
2023-03-18T13:52:51.862+09:00 DEBUG 85348 --- [    Test worker] org.springframework.test.context.cache   : Spring test ApplicationContext cache statistics: [DefaultContextCache@5623fd90 size = 4, maxSize = 32, parentContextCount = 0, hitCount = 338, missCount = 4]
2023-03-18T13:52:51.862+09:00 DEBUG 85348 --- [    Test worker] org.springframework.test.context.cache   : Spring test ApplicationContext cache statistics: [DefaultContextCache@5623fd90 size = 4, maxSize = 32, parentContextCount = 0, hitCount = 339, missCount = 4]
2023-03-18T13:52:51.862+09:00 DEBUG 85348 --- [    Test worker] org.springframework.test.context.cache   : Spring test ApplicationContext cache statistics: [DefaultContextCache@5623fd90 size = 4, maxSize = 32, parentContextCount = 0, hitCount = 340, missCount = 4]
2023-03-18T13:52:51.863+09:00 DEBUG 85348 --- [    Test worker] org.springframework.test.context.cache   : Spring test ApplicationContext cache statistics: [DefaultContextCache@5623fd90 size = 4, maxSize = 32, parentContextCount = 0, hitCount = 341, missCount = 4]
2023-03-18T13:52:51.863+09:00 DEBUG 85348 --- [    Test worker] org.springframework.test.context.cache   : Spring test ApplicationContext cache statistics: [DefaultContextCache@5623fd90 size = 4, maxSize = 32, parentContextCount = 0, hitCount = 342, missCount = 4]
2023-03-18T13:52:51.864+09:00 DEBUG 85348 --- [    Test worker] org.springframework.test.context.cache   : Spring test ApplicationContext cache statistics: [DefaultContextCache@5623fd90 size = 4, maxSize = 32, parentContextCount = 0, hitCount = 343, missCount = 4]
2023-03-18T13:52:51.864+09:00 DEBUG 85348 --- [    Test worker] org.springframework.test.context.cache   : Spring test ApplicationContext cache statistics: [DefaultContextCache@5623fd90 size = 4, maxSize = 32, parentContextCount = 0, hitCount = 344, missCount = 4]
2023-03-18T13:52:51.864+09:00 DEBUG 85348 --- [    Test worker] org.springframework.test.context.cache   : Spring test ApplicationContext cache statistics: [DefaultContextCache@5623fd90 size = 4, maxSize = 32, parentContextCount = 0, hitCount = 345, missCount = 4]
2023-03-18T13:52:51.864+09:00 DEBUG 85348 --- [    Test worker] org.springframework.test.context.cache   : Spring test ApplicationContext cache statistics: [DefaultContextCache@5623fd90 size = 4, maxSize = 32, parentContextCount = 0, hitCount = 346, missCount = 4]
2023-03-18T13:52:51.864+09:00 DEBUG 85348 --- [    Test worker] org.springframework.test.context.cache   : Spring test ApplicationContext cache statistics: [DefaultContextCache@5623fd90 size = 4, maxSize = 32, parentContextCount = 0, hitCount = 347, missCount = 4]
2023-03-18T13:52:51.864+09:00 DEBUG 85348 --- [    Test worker] tractDirtiesContextTestExecutionListener : After test method: class [JwtAccessTokenWorkerTest], method [testReadExpiredAccessToken], class annotated with @DirtiesContext [false] with mode [null], method annotated with @DirtiesContext [false] with mode [null]
2023-03-18T13:52:51.864+09:00 DEBUG 85348 --- [    Test worker] o.s.t.c.w.ServletTestExecutionListener   : Resetting RequestContextHolder for test class com.example.flowerplatform.unitTest.JwtAccessTokenWorkerTest
2023-03-18T13:52:51.865+09:00 DEBUG 85348 --- [    Test worker] org.springframework.test.context.cache   : Spring test ApplicationContext cache statistics: [DefaultContextCache@5623fd90 size = 4, maxSize = 32, parentContextCount = 0, hitCount = 348, missCount = 4]
2023-03-18T13:52:51.865+09:00 DEBUG 85348 --- [    Test worker] o.s.t.c.w.ServletTestExecutionListener   : Setting up MockHttpServletRequest, MockHttpServletResponse, ServletWebRequest, and RequestContextHolder for test class com.example.flowerplatform.unitTest.JwtAccessTokenWorkerTest
2023-03-18T13:52:51.865+09:00 DEBUG 85348 --- [    Test worker] DependencyInjectionTestExecutionListener : Performing dependency injection for test class com.example.flowerplatform.unitTest.JwtAccessTokenWorkerTest
2023-03-18T13:52:51.865+09:00 DEBUG 85348 --- [    Test worker] org.springframework.test.context.cache   : Spring test ApplicationContext cache statistics: [DefaultContextCache@5623fd90 size = 4, maxSize = 32, parentContextCount = 0, hitCount = 349, missCount = 4]
2023-03-18T13:52:51.865+09:00 DEBUG 85348 --- [    Test worker] org.springframework.test.context.cache   : Spring test ApplicationContext cache statistics: [DefaultContextCache@5623fd90 size = 4, maxSize = 32, parentContextCount = 0, hitCount = 350, missCount = 4]
2023-03-18T13:52:51.865+09:00 DEBUG 85348 --- [    Test worker] tractDirtiesContextTestExecutionListener : Before test method: class [JwtAccessTokenWorkerTest], method [testVerifyJwtAccessToken], class annotated with @DirtiesContext [false] with mode [null], method annotated with @DirtiesContext [false] with mode [null]
2023-03-18T13:52:51.865+09:00 DEBUG 85348 --- [    Test worker] org.springframework.test.context.cache   : Spring test ApplicationContext cache statistics: [DefaultContextCache@5623fd90 size = 4, maxSize = 32, parentContextCount = 0, hitCount = 351, missCount = 4]
2023-03-18T13:52:51.865+09:00 DEBUG 85348 --- [    Test worker] org.springframework.test.context.cache   : Spring test ApplicationContext cache statistics: [DefaultContextCache@5623fd90 size = 4, maxSize = 32, parentContextCount = 0, hitCount = 352, missCount = 4]
2023-03-18T13:52:51.866+09:00 DEBUG 85348 --- [    Test worker] org.springframework.test.context.cache   : Spring test ApplicationContext cache statistics: [DefaultContextCache@5623fd90 size = 4, maxSize = 32, parentContextCount = 0, hitCount = 353, missCount = 4]
2023-03-18T13:52:51.867+09:00 DEBUG 85348 --- [    Test worker] org.springframework.test.context.cache   : Spring test ApplicationContext cache statistics: [DefaultContextCache@5623fd90 size = 4, maxSize = 32, parentContextCount = 0, hitCount = 354, missCount = 4]
2023-03-18T13:52:51.867+09:00 DEBUG 85348 --- [    Test worker] org.springframework.test.context.cache   : Spring test ApplicationContext cache statistics: [DefaultContextCache@5623fd90 size = 4, maxSize = 32, parentContextCount = 0, hitCount = 355, missCount = 4]
2023-03-18T13:52:51.867+09:00 DEBUG 85348 --- [    Test worker] org.springframework.test.context.cache   : Spring test ApplicationContext cache statistics: [DefaultContextCache@5623fd90 size = 4, maxSize = 32, parentContextCount = 0, hitCount = 356, missCount = 4]
2023-03-18T13:52:51.867+09:00 DEBUG 85348 --- [    Test worker] org.springframework.test.context.cache   : Spring test ApplicationContext cache statistics: [DefaultContextCache@5623fd90 size = 4, maxSize = 32, parentContextCount = 0, hitCount = 357, missCount = 4]
2023-03-18T13:52:51.867+09:00 DEBUG 85348 --- [    Test worker] org.springframework.test.context.cache   : Spring test ApplicationContext cache statistics: [DefaultContextCache@5623fd90 size = 4, maxSize = 32, parentContextCount = 0, hitCount = 358, missCount = 4]
2023-03-18T13:52:51.868+09:00 DEBUG 85348 --- [    Test worker] org.springframework.test.context.cache   : Spring test ApplicationContext cache statistics: [DefaultContextCache@5623fd90 size = 4, maxSize = 32, parentContextCount = 0, hitCount = 359, missCount = 4]
2023-03-18T13:52:51.868+09:00 DEBUG 85348 --- [    Test worker] org.springframework.test.context.cache   : Spring test ApplicationContext cache statistics: [DefaultContextCache@5623fd90 size = 4, maxSize = 32, parentContextCount = 0, hitCount = 360, missCount = 4]
2023-03-18T13:52:51.868+09:00 DEBUG 85348 --- [    Test worker] tractDirtiesContextTestExecutionListener : After test method: class [JwtAccessTokenWorkerTest], method [testVerifyJwtAccessToken], class annotated with @DirtiesContext [false] with mode [null], method annotated with @DirtiesContext [false] with mode [null]
2023-03-18T13:52:51.868+09:00 DEBUG 85348 --- [    Test worker] o.s.t.c.w.ServletTestExecutionListener   : Resetting RequestContextHolder for test class com.example.flowerplatform.unitTest.JwtAccessTokenWorkerTest
2023-03-18T13:52:51.868+09:00 DEBUG 85348 --- [    Test worker] org.springframework.test.context.cache   : Spring test ApplicationContext cache statistics: [DefaultContextCache@5623fd90 size = 4, maxSize = 32, parentContextCount = 0, hitCount = 361, missCount = 4]
2023-03-18T13:52:51.868+09:00 DEBUG 85348 --- [    Test worker] o.s.t.c.w.ServletTestExecutionListener   : Setting up MockHttpServletRequest, MockHttpServletResponse, ServletWebRequest, and RequestContextHolder for test class com.example.flowerplatform.unitTest.JwtAccessTokenWorkerTest
2023-03-18T13:52:51.868+09:00 DEBUG 85348 --- [    Test worker] DependencyInjectionTestExecutionListener : Performing dependency injection for test class com.example.flowerplatform.unitTest.JwtAccessTokenWorkerTest
2023-03-18T13:52:51.868+09:00 DEBUG 85348 --- [    Test worker] org.springframework.test.context.cache   : Spring test ApplicationContext cache statistics: [DefaultContextCache@5623fd90 size = 4, maxSize = 32, parentContextCount = 0, hitCount = 362, missCount = 4]
2023-03-18T13:52:51.868+09:00 DEBUG 85348 --- [    Test worker] org.springframework.test.context.cache   : Spring test ApplicationContext cache statistics: [DefaultContextCache@5623fd90 size = 4, maxSize = 32, parentContextCount = 0, hitCount = 363, missCount = 4]
2023-03-18T13:52:51.868+09:00 DEBUG 85348 --- [    Test worker] tractDirtiesContextTestExecutionListener : Before test method: class [JwtAccessTokenWorkerTest], method [testCreateJwtAccessTokenWorker], class annotated with @DirtiesContext [false] with mode [null], method annotated with @DirtiesContext [false] with mode [null]
2023-03-18T13:52:51.868+09:00 DEBUG 85348 --- [    Test worker] org.springframework.test.context.cache   : Spring test ApplicationContext cache statistics: [DefaultContextCache@5623fd90 size = 4, maxSize = 32, parentContextCount = 0, hitCount = 364, missCount = 4]
2023-03-18T13:52:51.868+09:00 DEBUG 85348 --- [    Test worker] org.springframework.test.context.cache   : Spring test ApplicationContext cache statistics: [DefaultContextCache@5623fd90 size = 4, maxSize = 32, parentContextCount = 0, hitCount = 365, missCount = 4]
2023-03-18T13:52:51.869+09:00 DEBUG 85348 --- [    Test worker] org.springframework.test.context.cache   : Spring test ApplicationContext cache statistics: [DefaultContextCache@5623fd90 size = 4, maxSize = 32, parentContextCount = 0, hitCount = 366, missCount = 4]
2023-03-18T13:52:51.869+09:00 DEBUG 85348 --- [    Test worker] c.e.f.unitTest.JwtAccessTokenWorkerTest  : created time: Sat Mar 18 13:52:51 KST 2023
2023-03-18T13:52:51.869+09:00 DEBUG 85348 --- [    Test worker] c.e.f.unitTest.JwtAccessTokenWorkerTest  : expiring time: Sat Mar 18 13:57:51 KST 2023
2023-03-18T13:52:51.870+09:00  INFO 85348 --- [    Test worker] c.e.f.unitTest.JwtAccessTokenWorkerTest  : created token is following: 
eyJ0eXAiOiJKV1QiLCJhbGciOiJIUzUxMiJ9.eyJyb2xlIjoiVVNFUiIsInVzZXJfaWQiOjEsImV4cCI6MTY3OTExNTQ3MSwiaWF0IjoxNjc5MTE1MTcxfQ.tHuC_YnYXcta1_-aEsPJR0UhXQvB-BI7XMTTojdzoImwmNPwGM6jIAKFOKw7P1Px82jKeOqhqVhARubposCItw
2023-03-18T13:52:51.870+09:00 DEBUG 85348 --- [    Test worker] org.springframework.test.context.cache   : Spring test ApplicationContext cache statistics: [DefaultContextCache@5623fd90 size = 4, maxSize = 32, parentContextCount = 0, hitCount = 367, missCount = 4]
2023-03-18T13:52:51.870+09:00 DEBUG 85348 --- [    Test worker] org.springframework.test.context.cache   : Spring test ApplicationContext cache statistics: [DefaultContextCache@5623fd90 size = 4, maxSize = 32, parentContextCount = 0, hitCount = 368, missCount = 4]
2023-03-18T13:52:51.870+09:00 DEBUG 85348 --- [    Test worker] org.springframework.test.context.cache   : Spring test ApplicationContext cache statistics: [DefaultContextCache@5623fd90 size = 4, maxSize = 32, parentContextCount = 0, hitCount = 369, missCount = 4]
2023-03-18T13:52:51.870+09:00 DEBUG 85348 --- [    Test worker] org.springframework.test.context.cache   : Spring test ApplicationContext cache statistics: [DefaultContextCache@5623fd90 size = 4, maxSize = 32, parentContextCount = 0, hitCount = 370, missCount = 4]
2023-03-18T13:52:51.870+09:00 DEBUG 85348 --- [    Test worker] org.springframework.test.context.cache   : Spring test ApplicationContext cache statistics: [DefaultContextCache@5623fd90 size = 4, maxSize = 32, parentContextCount = 0, hitCount = 371, missCount = 4]
2023-03-18T13:52:51.870+09:00 DEBUG 85348 --- [    Test worker] org.springframework.test.context.cache   : Spring test ApplicationContext cache statistics: [DefaultContextCache@5623fd90 size = 4, maxSize = 32, parentContextCount = 0, hitCount = 372, missCount = 4]
2023-03-18T13:52:51.870+09:00 DEBUG 85348 --- [    Test worker] org.springframework.test.context.cache   : Spring test ApplicationContext cache statistics: [DefaultContextCache@5623fd90 size = 4, maxSize = 32, parentContextCount = 0, hitCount = 373, missCount = 4]
2023-03-18T13:52:51.870+09:00 DEBUG 85348 --- [    Test worker] tractDirtiesContextTestExecutionListener : After test method: class [JwtAccessTokenWorkerTest], method [testCreateJwtAccessTokenWorker], class annotated with @DirtiesContext [false] with mode [null], method annotated with @DirtiesContext [false] with mode [null]
2023-03-18T13:52:51.870+09:00 DEBUG 85348 --- [    Test worker] o.s.t.c.w.ServletTestExecutionListener   : Resetting RequestContextHolder for test class com.example.flowerplatform.unitTest.JwtAccessTokenWorkerTest
2023-03-18T13:52:51.871+09:00 DEBUG 85348 --- [    Test worker] org.springframework.test.context.cache   : Spring test ApplicationContext cache statistics: [DefaultContextCache@5623fd90 size = 4, maxSize = 32, parentContextCount = 0, hitCount = 374, missCount = 4]
2023-03-18T13:52:51.871+09:00 DEBUG 85348 --- [    Test worker] tractDirtiesContextTestExecutionListener : After test class: class [JwtAccessTokenWorkerTest], class annotated with @DirtiesContext [false] with mode [null]
]]></system-out>
  <system-err><![CDATA[]]></system-err>
</testsuite>
